INFO:     Will watch for changes in these directories: ['D:\\gravity\\agent toolbox\\creator-agent-toolbox\\backend']
INFO:     Uvicorn running on http://[::1]:8000 (Press CTRL+C to quit)
INFO:     Started reloader process [54104] using WatchFiles
INFO:     Started server process [46508]
INFO:     Waiting for application startup.
{"database_url": "sqlite+aiosqlite:///../data/app.db", "event": "startup", "level": "info", "timestamp": "2026-02-19T10:03:14.284568Z"}
executing <function connect.<locals>.connector at 0x0000025F57E62DE0>
operation <function connect.<locals>.connector at 0x0000025F57E62DE0> completed
executing functools.partial(<built-in method create_function of sqlite3.Connection object at 0x0000025F57E94400>, 'regexp', 2, <function SQLiteDialect_pysqlite.on_connect.<locals>.regexp at 0x0000025F56AE4860>, deterministic=True)
operation functools.partial(<built-in method create_function of sqlite3.Connection object at 0x0000025F57E94400>, 'regexp', 2, <function SQLiteDialect_pysqlite.on_connect.<locals>.regexp at 0x0000025F56AE4860>, deterministic=True) completed
executing functools.partial(<built-in method create_function of sqlite3.Connection object at 0x0000025F57E94400>, 'floor', 1, <built-in function floor>, deterministic=True)
operation functools.partial(<built-in method create_function of sqlite3.Connection object at 0x0000025F57E94400>, 'floor', 1, <built-in function floor>, deterministic=True) completed
executing functools.partial(<built-in method cursor of sqlite3.Connection object at 0x0000025F57E94400>)
operation functools.partial(<built-in method cursor of sqlite3.Connection object at 0x0000025F57E94400>) completed
executing functools.partial(<built-in method execute of sqlite3.Cursor object at 0x0000025F57E7A840>, 'PRAGMA read_uncommitted', [])
operation functools.partial(<built-in method execute of sqlite3.Cursor object at 0x0000025F57E7A840>, 'PRAGMA read_uncommitted', []) completed
executing functools.partial(<built-in method fetchall of sqlite3.Cursor object at 0x0000025F57E7A840>)
operation functools.partial(<built-in method fetchall of sqlite3.Cursor object at 0x0000025F57E7A840>) completed
executing functools.partial(<built-in method close of sqlite3.Cursor object at 0x0000025F57E7A840>)
operation functools.partial(<built-in method close of sqlite3.Cursor object at 0x0000025F57E7A840>) completed
executing functools.partial(<built-in method rollback of sqlite3.Connection object at 0x0000025F57E94400>)
operation functools.partial(<built-in method rollback of sqlite3.Connection object at 0x0000025F57E94400>) completed
executing functools.partial(<built-in method cursor of sqlite3.Connection object at 0x0000025F57E94400>)
operation functools.partial(<built-in method cursor of sqlite3.Connection object at 0x0000025F57E94400>) completed
executing functools.partial(<built-in method execute of sqlite3.Cursor object at 0x0000025F57E7A7C0>, 'PRAGMA main.table_info("workflows")', ())
operation functools.partial(<built-in method execute of sqlite3.Cursor object at 0x0000025F57E7A7C0>, 'PRAGMA main.table_info("workflows")', ()) completed
executing functools.partial(<built-in method fetchall of sqlite3.Cursor object at 0x0000025F57E7A7C0>)
operation functools.partial(<built-in method fetchall of sqlite3.Cursor object at 0x0000025F57E7A7C0>) completed
executing functools.partial(<built-in method close of sqlite3.Cursor object at 0x0000025F57E7A7C0>)
operation functools.partial(<built-in method close of sqlite3.Cursor object at 0x0000025F57E7A7C0>) completed
executing functools.partial(<built-in method cursor of sqlite3.Connection object at 0x0000025F57E94400>)
operation functools.partial(<built-in method cursor of sqlite3.Connection object at 0x0000025F57E94400>) completed
executing functools.partial(<built-in method execute of sqlite3.Cursor object at 0x0000025F57E7A640>, 'PRAGMA temp.table_info("workflows")', ())
operation functools.partial(<built-in method execute of sqlite3.Cursor object at 0x0000025F57E7A640>, 'PRAGMA temp.table_info("workflows")', ()) completed
executing functools.partial(<built-in method fetchall of sqlite3.Cursor object at 0x0000025F57E7A640>)
operation functools.partial(<built-in method fetchall of sqlite3.Cursor object at 0x0000025F57E7A640>) completed
executing functools.partial(<built-in method close of sqlite3.Cursor object at 0x0000025F57E7A640>)
operation functools.partial(<built-in method close of sqlite3.Cursor object at 0x0000025F57E7A640>) completed
executing functools.partial(<built-in method cursor of sqlite3.Connection object at 0x0000025F57E94400>)
operation functools.partial(<built-in method cursor of sqlite3.Connection object at 0x0000025F57E94400>) completed
executing functools.partial(<built-in method execute of sqlite3.Cursor object at 0x0000025F57E7A640>, '\nCREATE TABLE workflows (\n\tid VARCHAR NOT NULL, \n\tuser_id VARCHAR NOT NULL, \n\ttopic VARCHAR NOT NULL, \n\ttarget_platforms JSON, \n\tstatus VARCHAR NOT NULL, \n\tstate_snapshot JSON, \n\tcreated_ts INTEGER NOT NULL, \n\tupdated_ts INTEGER NOT NULL, \n\tPRIMARY KEY (id)\n)\n\n', ())
operation functools.partial(<built-in method execute of sqlite3.Cursor object at 0x0000025F57E7A640>, '\nCREATE TABLE workflows (\n\tid VARCHAR NOT NULL, \n\tuser_id VARCHAR NOT NULL, \n\ttopic VARCHAR NOT NULL, \n\ttarget_platforms JSON, \n\tstatus VARCHAR NOT NULL, \n\tstate_snapshot JSON, \n\tcreated_ts INTEGER NOT NULL, \n\tupdated_ts INTEGER NOT NULL, \n\tPRIMARY KEY (id)\n)\n\n', ()) completed
executing functools.partial(<built-in method close of sqlite3.Cursor object at 0x0000025F57E7A640>)
operation functools.partial(<built-in method close of sqlite3.Cursor object at 0x0000025F57E7A640>) completed
executing functools.partial(<built-in method cursor of sqlite3.Connection object at 0x0000025F57E94400>)
operation functools.partial(<built-in method cursor of sqlite3.Connection object at 0x0000025F57E94400>) completed
executing functools.partial(<built-in method execute of sqlite3.Cursor object at 0x0000025F57E7A640>, 'CREATE INDEX ix_workflows_created_ts ON workflows (created_ts)', ())
operation functools.partial(<built-in method execute of sqlite3.Cursor object at 0x0000025F57E7A640>, 'CREATE INDEX ix_workflows_created_ts ON workflows (created_ts)', ()) completed
executing functools.partial(<built-in method close of sqlite3.Cursor object at 0x0000025F57E7A640>)
operation functools.partial(<built-in method close of sqlite3.Cursor object at 0x0000025F57E7A640>) completed
executing functools.partial(<built-in method cursor of sqlite3.Connection object at 0x0000025F57E94400>)
operation functools.partial(<built-in method cursor of sqlite3.Connection object at 0x0000025F57E94400>) completed
executing functools.partial(<built-in method execute of sqlite3.Cursor object at 0x0000025F57E7A640>, 'CREATE INDEX ix_workflows_user_id ON workflows (user_id)', ())
operation functools.partial(<built-in method execute of sqlite3.Cursor object at 0x0000025F57E7A640>, 'CREATE INDEX ix_workflows_user_id ON workflows (user_id)', ()) completed
executing functools.partial(<built-in method close of sqlite3.Cursor object at 0x0000025F57E7A640>)
operation functools.partial(<built-in method close of sqlite3.Cursor object at 0x0000025F57E7A640>) completed
executing functools.partial(<built-in method cursor of sqlite3.Connection object at 0x0000025F57E94400>)
operation functools.partial(<built-in method cursor of sqlite3.Connection object at 0x0000025F57E94400>) completed
executing functools.partial(<built-in method execute of sqlite3.Cursor object at 0x0000025F57E7A640>, 'CREATE INDEX ix_workflows_updated_ts ON workflows (updated_ts)', ())
operation functools.partial(<built-in method execute of sqlite3.Cursor object at 0x0000025F57E7A640>, 'CREATE INDEX ix_workflows_updated_ts ON workflows (updated_ts)', ()) completed
executing functools.partial(<built-in method close of sqlite3.Cursor object at 0x0000025F57E7A640>)
operation functools.partial(<built-in method close of sqlite3.Cursor object at 0x0000025F57E7A640>) completed
executing functools.partial(<built-in method cursor of sqlite3.Connection object at 0x0000025F57E94400>)
operation functools.partial(<built-in method cursor of sqlite3.Connection object at 0x0000025F57E94400>) completed
executing functools.partial(<built-in method execute of sqlite3.Cursor object at 0x0000025F57E7A640>, 'CREATE INDEX ix_workflows_status ON workflows (status)', ())
operation functools.partial(<built-in method execute of sqlite3.Cursor object at 0x0000025F57E7A640>, 'CREATE INDEX ix_workflows_status ON workflows (status)', ()) completed
executing functools.partial(<built-in method close of sqlite3.Cursor object at 0x0000025F57E7A640>)
operation functools.partial(<built-in method close of sqlite3.Cursor object at 0x0000025F57E7A640>) completed
executing functools.partial(<built-in method commit of sqlite3.Connection object at 0x0000025F57E94400>)
operation functools.partial(<built-in method commit of sqlite3.Connection object at 0x0000025F57E94400>) completed
executing functools.partial(<built-in method rollback of sqlite3.Connection object at 0x0000025F57E94400>)
operation functools.partial(<built-in method rollback of sqlite3.Connection object at 0x0000025F57E94400>) completed
{"checkpoint": "../data/checkpoints.db", "event": "workflow_initialized", "level": "info", "timestamp": "2026-02-19T10:03:14.720732Z"}
INFO:     Application startup complete.
INFO:     ::1:51517 - "GET /api/v1/health HTTP/1.1" 200 OK
INFO:     ::1:61156 - "GET /api/v1/health HTTP/1.1" 200 OK
executing functools.partial(<built-in method cursor of sqlite3.Connection object at 0x0000025F57E94400>)
operation functools.partial(<built-in method cursor of sqlite3.Connection object at 0x0000025F57E94400>) completed
executing functools.partial(<built-in method execute of sqlite3.Cursor object at 0x0000025F57EE6340>, 'SELECT workflows.id, workflows.user_id, workflows.topic, workflows.target_platforms, workflows.status, workflows.state_snapshot, workflows.created_ts, workflows.updated_ts \nFROM workflows ORDER BY workflows.updated_ts DESC', ())
operation functools.partial(<built-in method execute of sqlite3.Cursor object at 0x0000025F57EE6340>, 'SELECT workflows.id, workflows.user_id, workflows.topic, workflows.target_platforms, workflows.status, workflows.state_snapshot, workflows.created_ts, workflows.updated_ts \nFROM workflows ORDER BY workflows.updated_ts DESC', ()) completed
executing functools.partial(<built-in method fetchall of sqlite3.Cursor object at 0x0000025F57EE6340>)
operation functools.partial(<built-in method fetchall of sqlite3.Cursor object at 0x0000025F57EE6340>) completed
executing functools.partial(<built-in method close of sqlite3.Cursor object at 0x0000025F57EE6340>)
operation functools.partial(<built-in method close of sqlite3.Cursor object at 0x0000025F57EE6340>) completed
executing functools.partial(<built-in method rollback of sqlite3.Connection object at 0x0000025F57E94400>)
operation functools.partial(<built-in method rollback of sqlite3.Connection object at 0x0000025F57E94400>) completed
executing functools.partial(<built-in method rollback of sqlite3.Connection object at 0x0000025F57E94400>)
operation functools.partial(<built-in method rollback of sqlite3.Connection object at 0x0000025F57E94400>) completed
INFO:     ::1:54857 - "GET /api/v1/workflows HTTP/1.1" 200 OK
INFO:     ::1:54857 - "OPTIONS /api/v1/workflows/start HTTP/1.1" 200 OK
executing <function connect.<locals>.connector at 0x0000025F53D6C0E0>
operation <function connect.<locals>.connector at 0x0000025F53D6C0E0> completed
executing functools.partial(<built-in method executescript of sqlite3.Connection object at 0x0000025F57F416C0>, '\n                PRAGMA journal_mode=WAL;\n                CREATE TABLE IF NOT EXISTS checkpoints (\n                    thread_id TEXT NOT NULL,\n                    thread_ts TEXT NOT NULL,\n                    parent_ts TEXT,\n                    checkpoint BLOB,\n                    metadata BLOB,\n                    PRIMARY KEY (thread_id, thread_ts)\n                );\n                ')
operation functools.partial(<built-in method executescript of sqlite3.Connection object at 0x0000025F57F416C0>, '\n                PRAGMA journal_mode=WAL;\n                CREATE TABLE IF NOT EXISTS checkpoints (\n                    thread_id TEXT NOT NULL,\n                    thread_ts TEXT NOT NULL,\n                    parent_ts TEXT,\n                    checkpoint BLOB,\n                    metadata BLOB,\n                    PRIMARY KEY (thread_id, thread_ts)\n                );\n                ') completed
executing functools.partial(<built-in method commit of sqlite3.Connection object at 0x0000025F57F416C0>)
operation functools.partial(<built-in method commit of sqlite3.Connection object at 0x0000025F57F416C0>) completed
executing functools.partial(<built-in method close of sqlite3.Cursor object at 0x0000025F57F06640>)
operation functools.partial(<built-in method close of sqlite3.Cursor object at 0x0000025F57F06640>) completed
executing functools.partial(<built-in method execute of sqlite3.Connection object at 0x0000025F57F416C0>, 'SELECT thread_id, thread_ts, parent_ts, checkpoint, metadata FROM checkpoints WHERE thread_id = ? ORDER BY thread_ts DESC LIMIT 1', ('c4156fae-e38c-4a1d-b6ed-9621612b45c2',))
operation functools.partial(<built-in method execute of sqlite3.Connection object at 0x0000025F57F416C0>, 'SELECT thread_id, thread_ts, parent_ts, checkpoint, metadata FROM checkpoints WHERE thread_id = ? ORDER BY thread_ts DESC LIMIT 1', ('c4156fae-e38c-4a1d-b6ed-9621612b45c2',)) completed
executing functools.partial(<built-in method fetchone of sqlite3.Cursor object at 0x0000025F57F06640>)
operation functools.partial(<built-in method fetchone of sqlite3.Cursor object at 0x0000025F57F06640>) completed
executing functools.partial(<built-in method close of sqlite3.Cursor object at 0x0000025F57F06640>)
operation functools.partial(<built-in method close of sqlite3.Cursor object at 0x0000025F57F06640>) completed
executing functools.partial(<built-in method execute of sqlite3.Connection object at 0x0000025F57F416C0>, 'INSERT OR REPLACE INTO checkpoints (thread_id, thread_ts, parent_ts, checkpoint, metadata) VALUES (?, ?, ?, ?, ?)', ('c4156fae-e38c-4a1d-b6ed-9621612b45c2', '1f10d7a5-f4dc-6e0f-bfff-12c0a5ce02b7', None, b'{"channel_values": {"__start__": {"brand_voice": "educational", "created_ts": 1771495465, "current_step": "init", "errors": [], "human_approval_status": {"scripts_approved": false, "scripts_rejected": false}, "script_variants": [], "selected_script_id": null, "target_platforms": ["youtube"], "token_usage": {"completion_tokens": 0, "prompt_tokens": 0, "total_tokens": 0}, "topic": "UI Validation Topic 1771495464617", "trend_data": null, "updated_ts": 1771495465, "user_id": "user_001", "workflow_id": "c4156fae-e38c-4a1d-b6ed-9621612b45c2"}}, "channel_versions": {"__start__": 1}, "id": "1f10d7a5-f4dc-6e0f-bfff-12c0a5ce02b7", "ts": "2026-02-19T10:04:26.130177+00:00", "v": 1, "versions_seen": {"__start__": {}, "analyze_trends": {}, "entry_router": {}, "finalize": {}, "generate_scripts": {}, "human_gate_scripts": {}}}', b'{"source": "input", "step": -1, "writes": {"brand_voice": "educational", "created_ts": 1771495465, "current_step": "init", "errors": [], "human_approval_status": {"scripts_approved": false, "scripts_rejected": false}, "script_variants": [], "selected_script_id": null, "target_platforms": ["youtube"], "token_usage": {"completion_tokens": 0, "prompt_tokens": 0, "total_tokens": 0}, "topic": "UI Validation Topic 1771495464617", "trend_data": null, "updated_ts": 1771495465, "user_id": "user_001", "workflow_id": "c4156fae-e38c-4a1d-b6ed-9621612b45c2"}}'))
operation functools.partial(<built-in method execute of sqlite3.Connection object at 0x0000025F57F416C0>, 'INSERT OR REPLACE INTO checkpoints (thread_id, thread_ts, parent_ts, checkpoint, metadata) VALUES (?, ?, ?, ?, ?)', ('c4156fae-e38c-4a1d-b6ed-9621612b45c2', '1f10d7a5-f4dc-6e0f-bfff-12c0a5ce02b7', None, b'{"channel_values": {"__start__": {"brand_voice": "educational", "created_ts": 1771495465, "current_step": "init", "errors": [], "human_approval_status": {"scripts_approved": false, "scripts_rejected": false}, "script_variants": [], "selected_script_id": null, "target_platforms": ["youtube"], "token_usage": {"completion_tokens": 0, "prompt_tokens": 0, "total_tokens": 0}, "topic": "UI Validation Topic 1771495464617", "trend_data": null, "updated_ts": 1771495465, "user_id": "user_001", "workflow_id": "c4156fae-e38c-4a1d-b6ed-9621612b45c2"}}, "channel_versions": {"__start__": 1}, "id": "1f10d7a5-f4dc-6e0f-bfff-12c0a5ce02b7", "ts": "2026-02-19T10:04:26.130177+00:00", "v": 1, "versions_seen": {"__start__": {}, "analyze_trends": {}, "entry_router": {}, "finalize": {}, "generate_scripts": {}, "human_gate_scripts": {}}}', b'{"source": "input", "step": -1, "writes": {"brand_voice": "educational", "created_ts": 1771495465, "current_step": "init", "errors": [], "human_approval_status": {"scripts_approved": false, "scripts_rejected": false}, "script_variants": [], "selected_script_id": null, "target_platforms": ["youtube"], "token_usage": {"completion_tokens": 0, "prompt_tokens": 0, "total_tokens": 0}, "topic": "UI Validation Topic 1771495464617", "trend_data": null, "updated_ts": 1771495465, "user_id": "user_001", "workflow_id": "c4156fae-e38c-4a1d-b6ed-9621612b45c2"}}')) completed
executing functools.partial(<built-in method commit of sqlite3.Connection object at 0x0000025F57F416C0>)
{"workflow_id": "c4156fae-e38c-4a1d-b6ed-9621612b45c2", "event": "trend_analysis_complete", "level": "info", "timestamp": "2026-02-19T10:04:26.149207Z"}
load_ssl_context verify=True cert=None trust_env=True http2=False
load_verify_locations cafile='C:\\Users\\ashra\\AppData\\Local\\Programs\\Python\\Python312\\Lib\\site-packages\\certifi\\cacert.pem'
operation functools.partial(<built-in method commit of sqlite3.Connection object at 0x0000025F57F416C0>) completed
executing functools.partial(<built-in method execute of sqlite3.Connection object at 0x0000025F57F416C0>, 'INSERT OR REPLACE INTO checkpoints (thread_id, thread_ts, parent_ts, checkpoint, metadata) VALUES (?, ?, ?, ?, ?)', ('c4156fae-e38c-4a1d-b6ed-9621612b45c2', '1f10d7a5-f4e4-67b3-8000-8f3861dab3d3', '1f10d7a5-f4dc-6e0f-bfff-12c0a5ce02b7', b'{"channel_values": {"brand_voice": "educational", "created_ts": 1771495465, "current_step": "init", "errors": [], "human_approval_status": {"scripts_approved": false, "scripts_rejected": false}, "script_variants": [], "selected_script_id": null, "start:entry_router": "__start__", "target_platforms": ["youtube"], "token_usage": {"completion_tokens": 0, "prompt_tokens": 0, "total_tokens": 0}, "topic": "UI Validation Topic 1771495464617", "trend_data": null, "updated_ts": 1771495465, "user_id": "user_001", "workflow_id": "c4156fae-e38c-4a1d-b6ed-9621612b45c2"}, "channel_versions": {"__start__": 1, "brand_voice": 2, "created_ts": 2, "current_step": 2, "errors": 2, "human_approval_status": 2, "script_variants": 2, "selected_script_id": 2, "start:entry_router": 2, "target_platforms": 2, "token_usage": 2, "topic": 2, "trend_data": 2, "updated_ts": 2, "user_id": 2, "workflow_id": 2}, "id": "1f10d7a5-f4e4-67b3-8000-8f3861dab3d3", "ts": "2026-02-19T10:04:26.133291+00:00", "v": 1, "versions_seen": {"__start__": {"__start__": 1}, "analyze_trends": {}, "entry_router": {}, "finalize": {}, "generate_scripts": {}, "human_gate_scripts": {}}}', b'{"source": "loop", "step": 0, "writes": null}'))
operation functools.partial(<built-in method execute of sqlite3.Connection object at 0x0000025F57F416C0>, 'INSERT OR REPLACE INTO checkpoints (thread_id, thread_ts, parent_ts, checkpoint, metadata) VALUES (?, ?, ?, ?, ?)', ('c4156fae-e38c-4a1d-b6ed-9621612b45c2', '1f10d7a5-f4e4-67b3-8000-8f3861dab3d3', '1f10d7a5-f4dc-6e0f-bfff-12c0a5ce02b7', b'{"channel_values": {"brand_voice": "educational", "created_ts": 1771495465, "current_step": "init", "errors": [], "human_approval_status": {"scripts_approved": false, "scripts_rejected": false}, "script_variants": [], "selected_script_id": null, "start:entry_router": "__start__", "target_platforms": ["youtube"], "token_usage": {"completion_tokens": 0, "prompt_tokens": 0, "total_tokens": 0}, "topic": "UI Validation Topic 1771495464617", "trend_data": null, "updated_ts": 1771495465, "user_id": "user_001", "workflow_id": "c4156fae-e38c-4a1d-b6ed-9621612b45c2"}, "channel_versions": {"__start__": 1, "brand_voice": 2, "created_ts": 2, "current_step": 2, "errors": 2, "human_approval_status": 2, "script_variants": 2, "selected_script_id": 2, "start:entry_router": 2, "target_platforms": 2, "token_usage": 2, "topic": 2, "trend_data": 2, "updated_ts": 2, "user_id": 2, "workflow_id": 2}, "id": "1f10d7a5-f4e4-67b3-8000-8f3861dab3d3", "ts": "2026-02-19T10:04:26.133291+00:00", "v": 1, "versions_seen": {"__start__": {"__start__": 1}, "analyze_trends": {}, "entry_router": {}, "finalize": {}, "generate_scripts": {}, "human_gate_scripts": {}}}', b'{"source": "loop", "step": 0, "writes": null}')) completed
executing functools.partial(<built-in method execute of sqlite3.Connection object at 0x0000025F57F416C0>, 'INSERT OR REPLACE INTO checkpoints (thread_id, thread_ts, parent_ts, checkpoint, metadata) VALUES (?, ?, ?, ?, ?)', ('c4156fae-e38c-4a1d-b6ed-9621612b45c2', '1f10d7a5-f505-6319-8001-a4c526253ae1', '1f10d7a5-f4e4-67b3-8000-8f3861dab3d3', b'{"channel_values": {"branch:entry_router:_route_from_entry:analyze_trends": "entry_router", "brand_voice": "educational", "created_ts": 1771495465, "current_step": "init", "entry_router": "entry_router", "errors": [], "human_approval_status": {"scripts_approved": false, "scripts_rejected": false}, "script_variants": [], "selected_script_id": null, "target_platforms": ["youtube"], "token_usage": {"completion_tokens": 0, "prompt_tokens": 0, "total_tokens": 0}, "topic": "UI Validation Topic 1771495464617", "trend_data": null, "updated_ts": 1771495466, "user_id": "user_001", "workflow_id": "c4156fae-e38c-4a1d-b6ed-9621612b45c2"}, "channel_versions": {"__start__": 1, "branch:entry_router:_route_from_entry:analyze_trends": 3, "brand_voice": 3, "created_ts": 3, "current_step": 3, "entry_router": 3, "errors": 3, "human_approval_status": 3, "script_variants": 3, "selected_script_id": 3, "start:entry_router": 2, "target_platforms": 3, "token_usage": 3, "topic": 3, "trend_data": 3, "updated_ts": 3, "user_id": 3, "workflow_id": 3}, "id": "1f10d7a5-f505-6319-8001-a4c526253ae1", "ts": "2026-02-19T10:04:26.146690+00:00", "v": 1, "versions_seen": {"__start__": {"__start__": 1}, "analyze_trends": {}, "entry_router": {"start:entry_router": 2}, "finalize": {}, "generate_scripts": {}, "human_gate_scripts": {}}}', b'{"source": "loop", "step": 1, "writes": {"entry_router": {"brand_voice": "educational", "created_ts": 1771495465, "current_step": "init", "errors": [], "human_approval_status": {"scripts_approved": false, "scripts_rejected": false}, "script_variants": [], "selected_script_id": null, "target_platforms": ["youtube"], "token_usage": {"completion_tokens": 0, "prompt_tokens": 0, "total_tokens": 0}, "topic": "UI Validation Topic 1771495464617", "trend_data": null, "updated_ts": 1771495466, "user_id": "user_001", "workflow_id": "c4156fae-e38c-4a1d-b6ed-9621612b45c2"}}}'))
operation functools.partial(<built-in method execute of sqlite3.Connection object at 0x0000025F57F416C0>, 'INSERT OR REPLACE INTO checkpoints (thread_id, thread_ts, parent_ts, checkpoint, metadata) VALUES (?, ?, ?, ?, ?)', ('c4156fae-e38c-4a1d-b6ed-9621612b45c2', '1f10d7a5-f505-6319-8001-a4c526253ae1', '1f10d7a5-f4e4-67b3-8000-8f3861dab3d3', b'{"channel_values": {"branch:entry_router:_route_from_entry:analyze_trends": "entry_router", "brand_voice": "educational", "created_ts": 1771495465, "current_step": "init", "entry_router": "entry_router", "errors": [], "human_approval_status": {"scripts_approved": false, "scripts_rejected": false}, "script_variants": [], "selected_script_id": null, "target_platforms": ["youtube"], "token_usage": {"completion_tokens": 0, "prompt_tokens": 0, "total_tokens": 0}, "topic": "UI Validation Topic 1771495464617", "trend_data": null, "updated_ts": 1771495466, "user_id": "user_001", "workflow_id": "c4156fae-e38c-4a1d-b6ed-9621612b45c2"}, "channel_versions": {"__start__": 1, "branch:entry_router:_route_from_entry:analyze_trends": 3, "brand_voice": 3, "created_ts": 3, "current_step": 3, "entry_router": 3, "errors": 3, "human_approval_status": 3, "script_variants": 3, "selected_script_id": 3, "start:entry_router": 2, "target_platforms": 3, "token_usage": 3, "topic": 3, "trend_data": 3, "updated_ts": 3, "user_id": 3, "workflow_id": 3}, "id": "1f10d7a5-f505-6319-8001-a4c526253ae1", "ts": "2026-02-19T10:04:26.146690+00:00", "v": 1, "versions_seen": {"__start__": {"__start__": 1}, "analyze_trends": {}, "entry_router": {"start:entry_router": 2}, "finalize": {}, "generate_scripts": {}, "human_gate_scripts": {}}}', b'{"source": "loop", "step": 1, "writes": {"entry_router": {"brand_voice": "educational", "created_ts": 1771495465, "current_step": "init", "errors": [], "human_approval_status": {"scripts_approved": false, "scripts_rejected": false}, "script_variants": [], "selected_script_id": null, "target_platforms": ["youtube"], "token_usage": {"completion_tokens": 0, "prompt_tokens": 0, "total_tokens": 0}, "topic": "UI Validation Topic 1771495464617", "trend_data": null, "updated_ts": 1771495466, "user_id": "user_001", "workflow_id": "c4156fae-e38c-4a1d-b6ed-9621612b45c2"}}}')) completed
executing functools.partial(<built-in method execute of sqlite3.Connection object at 0x0000025F57F416C0>, 'INSERT OR REPLACE INTO checkpoints (thread_id, thread_ts, parent_ts, checkpoint, metadata) VALUES (?, ?, ?, ?, ?)', ('c4156fae-e38c-4a1d-b6ed-9621612b45c2', '1f10d7a5-f50f-6095-8002-991c36c5cbf5', '1f10d7a5-f505-6319-8001-a4c526253ae1', b'{"channel_values": {"analyze_trends": "analyze_trends", "brand_voice": "educational", "created_ts": 1771495465, "current_step": "trend_analysis_complete", "errors": [], "human_approval_status": {"scripts_approved": false, "scripts_rejected": false}, "script_variants": [], "selected_script_id": null, "target_platforms": ["youtube"], "token_usage": {"completion_tokens": 0, "prompt_tokens": 0, "total_tokens": 0}, "topic": "UI Validation Topic 1771495464617", "trend_data": {"audio_recommendations": ["trending_sound_stub_01", "original_audio"], "confidence": 0.84, "optimal_posting_window": "18:00-20:00 EST", "platform": "youtube", "primary_trend": "educational_hacks", "saturation_level": "medium", "source": "mock_static_json", "suggested_hooks": ["Stop scrolling if you care about UI Validation Topic 1771495464617", "The biggest mistake creators make about UI Validation Topic 1771495464617", "POV: You finally figured out UI Validation Topic 1771495464617"]}, "updated_ts": 1771495466, "user_id": "user_001", "workflow_id": "c4156fae-e38c-4a1d-b6ed-9621612b45c2"}, "channel_versions": {"__start__": 1, "analyze_trends": 4, "branch:entry_router:_route_from_entry:analyze_trends": 3, "brand_voice": 4, "created_ts": 4, "current_step": 4, "entry_router": 3, "errors": 4, "human_approval_status": 4, "script_variants": 4, "selected_script_id": 4, "start:entry_router": 2, "target_platforms": 4, "token_usage": 4, "topic": 4, "trend_data": 4, "updated_ts": 4, "user_id": 4, "workflow_id": 4}, "id": "1f10d7a5-f50f-6095-8002-991c36c5cbf5", "ts": "2026-02-19T10:04:26.150722+00:00", "v": 1, "versions_seen": {"__start__": {"__start__": 1}, "analyze_trends": {"branch:entry_router:_route_from_entry:analyze_trends": 3}, "entry_router": {"start:entry_router": 2}, "finalize": {}, "generate_scripts": {}, "human_gate_scripts": {}}}', b'{"source": "loop", "step": 2, "writes": {"analyze_trends": {"brand_voice": "educational", "created_ts": 1771495465, "current_step": "trend_analysis_complete", "errors": [], "human_approval_status": {"scripts_approved": false, "scripts_rejected": false}, "script_variants": [], "selected_script_id": null, "target_platforms": ["youtube"], "token_usage": {"completion_tokens": 0, "prompt_tokens": 0, "total_tokens": 0}, "topic": "UI Validation Topic 1771495464617", "trend_data": {"audio_recommendations": ["trending_sound_stub_01", "original_audio"], "confidence": 0.84, "optimal_posting_window": "18:00-20:00 EST", "platform": "youtube", "primary_trend": "educational_hacks", "saturation_level": "medium", "source": "mock_static_json", "suggested_hooks": ["Stop scrolling if you care about UI Validation Topic 1771495464617", "The biggest mistake creators make about UI Validation Topic 1771495464617", "POV: You finally figured out UI Validation Topic 1771495464617"]}, "updated_ts": 1771495466, "user_id": "user_001", "workflow_id": "c4156fae-e38c-4a1d-b6ed-9621612b45c2"}}}'))
operation functools.partial(<built-in method execute of sqlite3.Connection object at 0x0000025F57F416C0>, 'INSERT OR REPLACE INTO checkpoints (thread_id, thread_ts, parent_ts, checkpoint, metadata) VALUES (?, ?, ?, ?, ?)', ('c4156fae-e38c-4a1d-b6ed-9621612b45c2', '1f10d7a5-f50f-6095-8002-991c36c5cbf5', '1f10d7a5-f505-6319-8001-a4c526253ae1', b'{"channel_values": {"analyze_trends": "analyze_trends", "brand_voice": "educational", "created_ts": 1771495465, "current_step": "trend_analysis_complete", "errors": [], "human_approval_status": {"scripts_approved": false, "scripts_rejected": false}, "script_variants": [], "selected_script_id": null, "target_platforms": ["youtube"], "token_usage": {"completion_tokens": 0, "prompt_tokens": 0, "total_tokens": 0}, "topic": "UI Validation Topic 1771495464617", "trend_data": {"audio_recommendations": ["trending_sound_stub_01", "original_audio"], "confidence": 0.84, "optimal_posting_window": "18:00-20:00 EST", "platform": "youtube", "primary_trend": "educational_hacks", "saturation_level": "medium", "source": "mock_static_json", "suggested_hooks": ["Stop scrolling if you care about UI Validation Topic 1771495464617", "The biggest mistake creators make about UI Validation Topic 1771495464617", "POV: You finally figured out UI Validation Topic 1771495464617"]}, "updated_ts": 1771495466, "user_id": "user_001", "workflow_id": "c4156fae-e38c-4a1d-b6ed-9621612b45c2"}, "channel_versions": {"__start__": 1, "analyze_trends": 4, "branch:entry_router:_route_from_entry:analyze_trends": 3, "brand_voice": 4, "created_ts": 4, "current_step": 4, "entry_router": 3, "errors": 4, "human_approval_status": 4, "script_variants": 4, "selected_script_id": 4, "start:entry_router": 2, "target_platforms": 4, "token_usage": 4, "topic": 4, "trend_data": 4, "updated_ts": 4, "user_id": 4, "workflow_id": 4}, "id": "1f10d7a5-f50f-6095-8002-991c36c5cbf5", "ts": "2026-02-19T10:04:26.150722+00:00", "v": 1, "versions_seen": {"__start__": {"__start__": 1}, "analyze_trends": {"branch:entry_router:_route_from_entry:analyze_trends": 3}, "entry_router": {"start:entry_router": 2}, "finalize": {}, "generate_scripts": {}, "human_gate_scripts": {}}}', b'{"source": "loop", "step": 2, "writes": {"analyze_trends": {"brand_voice": "educational", "created_ts": 1771495465, "current_step": "trend_analysis_complete", "errors": [], "human_approval_status": {"scripts_approved": false, "scripts_rejected": false}, "script_variants": [], "selected_script_id": null, "target_platforms": ["youtube"], "token_usage": {"completion_tokens": 0, "prompt_tokens": 0, "total_tokens": 0}, "topic": "UI Validation Topic 1771495464617", "trend_data": {"audio_recommendations": ["trending_sound_stub_01", "original_audio"], "confidence": 0.84, "optimal_posting_window": "18:00-20:00 EST", "platform": "youtube", "primary_trend": "educational_hacks", "saturation_level": "medium", "source": "mock_static_json", "suggested_hooks": ["Stop scrolling if you care about UI Validation Topic 1771495464617", "The biggest mistake creators make about UI Validation Topic 1771495464617", "POV: You finally figured out UI Validation Topic 1771495464617"]}, "updated_ts": 1771495466, "user_id": "user_001", "workflow_id": "c4156fae-e38c-4a1d-b6ed-9621612b45c2"}}}')) completed
connect_tcp.started host='localhost' port=11434 local_address=None timeout=10 socket_options=None
executing functools.partial(<built-in method close of sqlite3.Cursor object at 0x0000025F57F06640>)
operation functools.partial(<built-in method close of sqlite3.Cursor object at 0x0000025F57F06640>) completed
executing functools.partial(<built-in method commit of sqlite3.Connection object at 0x0000025F57F416C0>)
operation functools.partial(<built-in method commit of sqlite3.Connection object at 0x0000025F57F416C0>) completed
executing functools.partial(<built-in method commit of sqlite3.Connection object at 0x0000025F57F416C0>)
operation functools.partial(<built-in method commit of sqlite3.Connection object at 0x0000025F57F416C0>) completed
executing functools.partial(<built-in method commit of sqlite3.Connection object at 0x0000025F57F416C0>)
operation functools.partial(<built-in method commit of sqlite3.Connection object at 0x0000025F57F416C0>) completed
executing functools.partial(<built-in method close of sqlite3.Cursor object at 0x0000025F57F6ED40>)
operation functools.partial(<built-in method close of sqlite3.Cursor object at 0x0000025F57F6ED40>) completed
executing functools.partial(<built-in method close of sqlite3.Cursor object at 0x0000025F57F6EC40>)
operation functools.partial(<built-in method close of sqlite3.Cursor object at 0x0000025F57F6EC40>) completed
executing functools.partial(<built-in method close of sqlite3.Cursor object at 0x0000025F57F6EBC0>)
operation functools.partial(<built-in method close of sqlite3.Cursor object at 0x0000025F57F6EBC0>) completed
connect_tcp.complete return_value=<httpcore._backends.anyio.AnyIOStream object at 0x0000025F57F905C0>
send_request_headers.started request=<Request [b'POST']>
send_request_headers.complete
send_request_body.started request=<Request [b'POST']>
send_request_body.complete
receive_response_headers.started request=<Request [b'POST']>
executing functools.partial(<built-in method cursor of sqlite3.Connection object at 0x0000025F57E94400>)
operation functools.partial(<built-in method cursor of sqlite3.Connection object at 0x0000025F57E94400>) completed
executing functools.partial(<built-in method execute of sqlite3.Cursor object at 0x0000025F57F6F5C0>, 'SELECT workflows.id, workflows.user_id, workflows.topic, workflows.target_platforms, workflows.status, workflows.state_snapshot, workflows.created_ts, workflows.updated_ts \nFROM workflows ORDER BY workflows.updated_ts DESC', ())
operation functools.partial(<built-in method execute of sqlite3.Cursor object at 0x0000025F57F6F5C0>, 'SELECT workflows.id, workflows.user_id, workflows.topic, workflows.target_platforms, workflows.status, workflows.state_snapshot, workflows.created_ts, workflows.updated_ts \nFROM workflows ORDER BY workflows.updated_ts DESC', ()) completed
executing functools.partial(<built-in method fetchall of sqlite3.Cursor object at 0x0000025F57F6F5C0>)
operation functools.partial(<built-in method fetchall of sqlite3.Cursor object at 0x0000025F57F6F5C0>) completed
executing functools.partial(<built-in method close of sqlite3.Cursor object at 0x0000025F57F6F5C0>)
operation functools.partial(<built-in method close of sqlite3.Cursor object at 0x0000025F57F6F5C0>) completed
executing functools.partial(<built-in method rollback of sqlite3.Connection object at 0x0000025F57E94400>)
operation functools.partial(<built-in method rollback of sqlite3.Connection object at 0x0000025F57E94400>) completed
executing functools.partial(<built-in method rollback of sqlite3.Connection object at 0x0000025F57E94400>)
operation functools.partial(<built-in method rollback of sqlite3.Connection object at 0x0000025F57E94400>) completed
INFO:     ::1:54857 - "GET /api/v1/workflows HTTP/1.1" 200 OK
INFO:     ::1:54857 - "GET /api/v1/health HTTP/1.1" 200 OK
executing functools.partial(<built-in method cursor of sqlite3.Connection object at 0x0000025F57E94400>)
operation functools.partial(<built-in method cursor of sqlite3.Connection object at 0x0000025F57E94400>) completed
executing functools.partial(<built-in method execute of sqlite3.Cursor object at 0x0000025F57F6F540>, 'SELECT workflows.id, workflows.user_id, workflows.topic, workflows.target_platforms, workflows.status, workflows.state_snapshot, workflows.created_ts, workflows.updated_ts \nFROM workflows ORDER BY workflows.updated_ts DESC', ())
operation functools.partial(<built-in method execute of sqlite3.Cursor object at 0x0000025F57F6F540>, 'SELECT workflows.id, workflows.user_id, workflows.topic, workflows.target_platforms, workflows.status, workflows.state_snapshot, workflows.created_ts, workflows.updated_ts \nFROM workflows ORDER BY workflows.updated_ts DESC', ()) completed
executing functools.partial(<built-in method fetchall of sqlite3.Cursor object at 0x0000025F57F6F540>)
operation functools.partial(<built-in method fetchall of sqlite3.Cursor object at 0x0000025F57F6F540>) completed
executing functools.partial(<built-in method close of sqlite3.Cursor object at 0x0000025F57F6F540>)
operation functools.partial(<built-in method close of sqlite3.Cursor object at 0x0000025F57F6F540>) completed
executing functools.partial(<built-in method rollback of sqlite3.Connection object at 0x0000025F57E94400>)
operation functools.partial(<built-in method rollback of sqlite3.Connection object at 0x0000025F57E94400>) completed
executing functools.partial(<built-in method rollback of sqlite3.Connection object at 0x0000025F57E94400>)
operation functools.partial(<built-in method rollback of sqlite3.Connection object at 0x0000025F57E94400>) completed
INFO:     ::1:54857 - "GET /api/v1/workflows HTTP/1.1" 200 OK
receive_response_headers.failed exception=ReadTimeout(TimeoutError())
response_closed.started
response_closed.complete
{"workflow_id": "c4156fae-e38c-4a1d-b6ed-9621612b45c2", "provider": "ollama", "reason": "", "event": "script_generation_fallback", "level": "warning", "timestamp": "2026-02-19T10:04:36.829268Z"}
{"workflow_id": "c4156fae-e38c-4a1d-b6ed-9621612b45c2", "variants": 3, "provider": "ollama", "tokens": {"prompt_tokens": 0, "completion_tokens": 0, "total_tokens": 0}, "event": "scripts_generated", "level": "info", "timestamp": "2026-02-19T10:04:36.829268Z"}
executing functools.partial(<built-in method execute of sqlite3.Connection object at 0x0000025F57F416C0>, 'INSERT OR REPLACE INTO checkpoints (thread_id, thread_ts, parent_ts, checkpoint, metadata) VALUES (?, ?, ?, ?, ?)', ('c4156fae-e38c-4a1d-b6ed-9621612b45c2', '1f10d7a6-5ae9-6617-8003-4e73e72fe4f3', '1f10d7a5-f50f-6095-8002-991c36c5cbf5', b'{"channel_values": {"brand_voice": "educational", "created_ts": 1771495465, "current_step": "scripts_generated", "errors": [], "generate_scripts": "generate_scripts", "human_approval_status": {"scripts_approved": false, "scripts_rejected": false}, "script_variants": [{"body": "Most creators miss this: one concrete mistake in UI Validation Topic 1771495464617, then the fix in 3 steps.", "cta": "Comment \'fix\' and I will share the checklist.", "hook": "Stop scrolling if you care about UI Validation Topic 1771495464617", "id": "1e04f4a1-ad98-4c2c-b026-007746eacc48", "predicted_retention": 0.78, "tone": "pattern_interrupt"}, {"body": "Set up the problem, tease the missing piece, reveal it with a quick before/after.", "cta": "Save this for your next post.", "hook": "The biggest mistake creators make about UI Validation Topic 1771495464617", "id": "7c11741e-9922-412d-8634-45ef3188990f", "predicted_retention": 0.81, "tone": "curiosity_gap"}, {"body": "Use one proof point, one framework, then one tactical action viewers can apply today.", "cta": "Follow for weekly breakdowns.", "hook": "POV: You finally figured out UI Validation Topic 1771495464617", "id": "d191e64a-bd96-4d3f-a8d9-22041b52a3a8", "predicted_retention": 0.76, "tone": "authority_play"}], "selected_script_id": null, "target_platforms": ["youtube"], "token_usage": {"completion_tokens": 0, "prompt_tokens": 0, "total_tokens": 0}, "topic": "UI Validation Topic 1771495464617", "trend_data": {"audio_recommendations": ["trending_sound_stub_01", "original_audio"], "confidence": 0.84, "optimal_posting_window": "18:00-20:00 EST", "platform": "youtube", "primary_trend": "educational_hacks", "saturation_level": "medium", "source": "mock_static_json", "suggested_hooks": ["Stop scrolling if you care about UI Validation Topic 1771495464617", "The biggest mistake creators make about UI Validation Topic 1771495464617", "POV: You finally figured out UI Validation Topic 1771495464617"]}, "updated_ts": 1771495476, "user_id": "user_001", "workflow_id": "c4156fae-e38c-4a1d-b6ed-9621612b45c2"}, "channel_versions": {"__start__": 1, "analyze_trends": 4, "branch:entry_router:_route_from_entry:analyze_trends": 3, "branch:human_gate_scripts:_route_after_human_gate:generate_scripts": 0, "brand_voice": 5, "created_ts": 5, "current_step": 5, "entry_router": 3, "errors": 5, "generate_scripts": 5, "human_approval_status": 5, "script_variants": 5, "selected_script_id": 5, "start:entry_router": 2, "target_platforms": 5, "token_usage": 5, "topic": 5, "trend_data": 5, "updated_ts": 5, "user_id": 5, "workflow_id": 5}, "id": "1f10d7a6-5ae9-6617-8003-4e73e72fe4f3", "ts": "2026-02-19T10:04:36.830773+00:00", "v": 1, "versions_seen": {"__start__": {"__start__": 1}, "analyze_trends": {"branch:entry_router:_route_from_entry:analyze_trends": 3}, "entry_router": {"start:entry_router": 2}, "finalize": {}, "generate_scripts": {"analyze_trends": 4, "branch:human_gate_scripts:_route_after_human_gate:generate_scripts": 0}, "human_gate_scripts": {}}}', b'{"source": "loop", "step": 3, "writes": {"generate_scripts": {"brand_voice": "educational", "created_ts": 1771495465, "current_step": "scripts_generated", "errors": [], "human_approval_status": {"scripts_approved": false, "scripts_rejected": false}, "script_variants": [{"body": "Most creators miss this: one concrete mistake in UI Validation Topic 1771495464617, then the fix in 3 steps.", "cta": "Comment \'fix\' and I will share the checklist.", "hook": "Stop scrolling if you care about UI Validation Topic 1771495464617", "id": "1e04f4a1-ad98-4c2c-b026-007746eacc48", "predicted_retention": 0.78, "tone": "pattern_interrupt"}, {"body": "Set up the problem, tease the missing piece, reveal it with a quick before/after.", "cta": "Save this for your next post.", "hook": "The biggest mistake creators make about UI Validation Topic 1771495464617", "id": "7c11741e-9922-412d-8634-45ef3188990f", "predicted_retention": 0.81, "tone": "curiosity_gap"}, {"body": "Use one proof point, one framework, then one tactical action viewers can apply today.", "cta": "Follow for weekly breakdowns.", "hook": "POV: You finally figured out UI Validation Topic 1771495464617", "id": "d191e64a-bd96-4d3f-a8d9-22041b52a3a8", "predicted_retention": 0.76, "tone": "authority_play"}], "selected_script_id": null, "target_platforms": ["youtube"], "token_usage": {"completion_tokens": 0, "prompt_tokens": 0, "total_tokens": 0}, "topic": "UI Validation Topic 1771495464617", "trend_data": {"audio_recommendations": ["trending_sound_stub_01", "original_audio"], "confidence": 0.84, "optimal_posting_window": "18:00-20:00 EST", "platform": "youtube", "primary_trend": "educational_hacks", "saturation_level": "medium", "source": "mock_static_json", "suggested_hooks": ["Stop scrolling if you care about UI Validation Topic 1771495464617", "The biggest mistake creators make about UI Validation Topic 1771495464617", "POV: You finally figured out UI Validation Topic 1771495464617"]}, "updated_ts": 1771495476, "user_id": "user_001", "workflow_id": "c4156fae-e38c-4a1d-b6ed-9621612b45c2"}}}'))
operation functools.partial(<built-in method execute of sqlite3.Connection object at 0x0000025F57F416C0>, 'INSERT OR REPLACE INTO checkpoints (thread_id, thread_ts, parent_ts, checkpoint, metadata) VALUES (?, ?, ?, ?, ?)', ('c4156fae-e38c-4a1d-b6ed-9621612b45c2', '1f10d7a6-5ae9-6617-8003-4e73e72fe4f3', '1f10d7a5-f50f-6095-8002-991c36c5cbf5', b'{"channel_values": {"brand_voice": "educational", "created_ts": 1771495465, "current_step": "scripts_generated", "errors": [], "generate_scripts": "generate_scripts", "human_approval_status": {"scripts_approved": false, "scripts_rejected": false}, "script_variants": [{"body": "Most creators miss this: one concrete mistake in UI Validation Topic 1771495464617, then the fix in 3 steps.", "cta": "Comment \'fix\' and I will share the checklist.", "hook": "Stop scrolling if you care about UI Validation Topic 1771495464617", "id": "1e04f4a1-ad98-4c2c-b026-007746eacc48", "predicted_retention": 0.78, "tone": "pattern_interrupt"}, {"body": "Set up the problem, tease the missing piece, reveal it with a quick before/after.", "cta": "Save this for your next post.", "hook": "The biggest mistake creators make about UI Validation Topic 1771495464617", "id": "7c11741e-9922-412d-8634-45ef3188990f", "predicted_retention": 0.81, "tone": "curiosity_gap"}, {"body": "Use one proof point, one framework, then one tactical action viewers can apply today.", "cta": "Follow for weekly breakdowns.", "hook": "POV: You finally figured out UI Validation Topic 1771495464617", "id": "d191e64a-bd96-4d3f-a8d9-22041b52a3a8", "predicted_retention": 0.76, "tone": "authority_play"}], "selected_script_id": null, "target_platforms": ["youtube"], "token_usage": {"completion_tokens": 0, "prompt_tokens": 0, "total_tokens": 0}, "topic": "UI Validation Topic 1771495464617", "trend_data": {"audio_recommendations": ["trending_sound_stub_01", "original_audio"], "confidence": 0.84, "optimal_posting_window": "18:00-20:00 EST", "platform": "youtube", "primary_trend": "educational_hacks", "saturation_level": "medium", "source": "mock_static_json", "suggested_hooks": ["Stop scrolling if you care about UI Validation Topic 1771495464617", "The biggest mistake creators make about UI Validation Topic 1771495464617", "POV: You finally figured out UI Validation Topic 1771495464617"]}, "updated_ts": 1771495476, "user_id": "user_001", "workflow_id": "c4156fae-e38c-4a1d-b6ed-9621612b45c2"}, "channel_versions": {"__start__": 1, "analyze_trends": 4, "branch:entry_router:_route_from_entry:analyze_trends": 3, "branch:human_gate_scripts:_route_after_human_gate:generate_scripts": 0, "brand_voice": 5, "created_ts": 5, "current_step": 5, "entry_router": 3, "errors": 5, "generate_scripts": 5, "human_approval_status": 5, "script_variants": 5, "selected_script_id": 5, "start:entry_router": 2, "target_platforms": 5, "token_usage": 5, "topic": 5, "trend_data": 5, "updated_ts": 5, "user_id": 5, "workflow_id": 5}, "id": "1f10d7a6-5ae9-6617-8003-4e73e72fe4f3", "ts": "2026-02-19T10:04:36.830773+00:00", "v": 1, "versions_seen": {"__start__": {"__start__": 1}, "analyze_trends": {"branch:entry_router:_route_from_entry:analyze_trends": 3}, "entry_router": {"start:entry_router": 2}, "finalize": {}, "generate_scripts": {"analyze_trends": 4, "branch:human_gate_scripts:_route_after_human_gate:generate_scripts": 0}, "human_gate_scripts": {}}}', b'{"source": "loop", "step": 3, "writes": {"generate_scripts": {"brand_voice": "educational", "created_ts": 1771495465, "current_step": "scripts_generated", "errors": [], "human_approval_status": {"scripts_approved": false, "scripts_rejected": false}, "script_variants": [{"body": "Most creators miss this: one concrete mistake in UI Validation Topic 1771495464617, then the fix in 3 steps.", "cta": "Comment \'fix\' and I will share the checklist.", "hook": "Stop scrolling if you care about UI Validation Topic 1771495464617", "id": "1e04f4a1-ad98-4c2c-b026-007746eacc48", "predicted_retention": 0.78, "tone": "pattern_interrupt"}, {"body": "Set up the problem, tease the missing piece, reveal it with a quick before/after.", "cta": "Save this for your next post.", "hook": "The biggest mistake creators make about UI Validation Topic 1771495464617", "id": "7c11741e-9922-412d-8634-45ef3188990f", "predicted_retention": 0.81, "tone": "curiosity_gap"}, {"body": "Use one proof point, one framework, then one tactical action viewers can apply today.", "cta": "Follow for weekly breakdowns.", "hook": "POV: You finally figured out UI Validation Topic 1771495464617", "id": "d191e64a-bd96-4d3f-a8d9-22041b52a3a8", "predicted_retention": 0.76, "tone": "authority_play"}], "selected_script_id": null, "target_platforms": ["youtube"], "token_usage": {"completion_tokens": 0, "prompt_tokens": 0, "total_tokens": 0}, "topic": "UI Validation Topic 1771495464617", "trend_data": {"audio_recommendations": ["trending_sound_stub_01", "original_audio"], "confidence": 0.84, "optimal_posting_window": "18:00-20:00 EST", "platform": "youtube", "primary_trend": "educational_hacks", "saturation_level": "medium", "source": "mock_static_json", "suggested_hooks": ["Stop scrolling if you care about UI Validation Topic 1771495464617", "The biggest mistake creators make about UI Validation Topic 1771495464617", "POV: You finally figured out UI Validation Topic 1771495464617"]}, "updated_ts": 1771495476, "user_id": "user_001", "workflow_id": "c4156fae-e38c-4a1d-b6ed-9621612b45c2"}}}')) completed
executing functools.partial(<built-in method execute of sqlite3.Connection object at 0x0000025F57F416C0>, 'INSERT OR REPLACE INTO checkpoints (thread_id, thread_ts, parent_ts, checkpoint, metadata) VALUES (?, ?, ?, ?, ?)', ('c4156fae-e38c-4a1d-b6ed-9621612b45c2', '1f10d7a6-5af4-66da-8004-61613c3b8a90', '1f10d7a6-5ae9-6617-8003-4e73e72fe4f3', b'{"channel_values": {"brand_voice": "educational", "created_ts": 1771495465, "current_step": "awaiting_approval", "errors": [], "human_approval_status": {"scripts_approved": false, "scripts_rejected": false}, "human_gate_scripts": "human_gate_scripts", "script_variants": [{"body": "Most creators miss this: one concrete mistake in UI Validation Topic 1771495464617, then the fix in 3 steps.", "cta": "Comment \'fix\' and I will share the checklist.", "hook": "Stop scrolling if you care about UI Validation Topic 1771495464617", "id": "1e04f4a1-ad98-4c2c-b026-007746eacc48", "predicted_retention": 0.78, "tone": "pattern_interrupt"}, {"body": "Set up the problem, tease the missing piece, reveal it with a quick before/after.", "cta": "Save this for your next post.", "hook": "The biggest mistake creators make about UI Validation Topic 1771495464617", "id": "7c11741e-9922-412d-8634-45ef3188990f", "predicted_retention": 0.81, "tone": "curiosity_gap"}, {"body": "Use one proof point, one framework, then one tactical action viewers can apply today.", "cta": "Follow for weekly breakdowns.", "hook": "POV: You finally figured out UI Validation Topic 1771495464617", "id": "d191e64a-bd96-4d3f-a8d9-22041b52a3a8", "predicted_retention": 0.76, "tone": "authority_play"}], "selected_script_id": null, "target_platforms": ["youtube"], "token_usage": {"completion_tokens": 0, "prompt_tokens": 0, "total_tokens": 0}, "topic": "UI Validation Topic 1771495464617", "trend_data": {"audio_recommendations": ["trending_sound_stub_01", "original_audio"], "confidence": 0.84, "optimal_posting_window": "18:00-20:00 EST", "platform": "youtube", "primary_trend": "educational_hacks", "saturation_level": "medium", "source": "mock_static_json", "suggested_hooks": ["Stop scrolling if you care about UI Validation Topic 1771495464617", "The biggest mistake creators make about UI Validation Topic 1771495464617", "POV: You finally figured out UI Validation Topic 1771495464617"]}, "updated_ts": 1771495476, "user_id": "user_001", "workflow_id": "c4156fae-e38c-4a1d-b6ed-9621612b45c2"}, "channel_versions": {"__start__": 1, "analyze_trends": 4, "branch:entry_router:_route_from_entry:analyze_trends": 3, "branch:entry_router:_route_from_entry:human_gate_scripts": 0, "branch:human_gate_scripts:_route_after_human_gate:generate_scripts": 0, "brand_voice": 6, "created_ts": 6, "current_step": 6, "entry_router": 3, "errors": 6, "generate_scripts": 5, "human_approval_status": 6, "human_gate_scripts": 6, "script_variants": 6, "selected_script_id": 6, "start:entry_router": 2, "target_platforms": 6, "token_usage": 6, "topic": 6, "trend_data": 6, "updated_ts": 6, "user_id": 6, "workflow_id": 6}, "id": "1f10d7a6-5af4-66da-8004-61613c3b8a90", "ts": "2026-02-19T10:04:36.835298+00:00", "v": 1, "versions_seen": {"__start__": {"__start__": 1}, "analyze_trends": {"branch:entry_router:_route_from_entry:analyze_trends": 3}, "entry_router": {"start:entry_router": 2}, "finalize": {}, "generate_scripts": {"analyze_trends": 4, "branch:human_gate_scripts:_route_after_human_gate:generate_scripts": 0}, "human_gate_scripts": {"branch:entry_router:_route_from_entry:human_gate_scripts": 0, "generate_scripts": 5}}}', b'{"source": "loop", "step": 4, "writes": {"human_gate_scripts": {"brand_voice": "educational", "created_ts": 1771495465, "current_step": "awaiting_approval", "errors": [], "human_approval_status": {"scripts_approved": false, "scripts_rejected": false}, "script_variants": [{"body": "Most creators miss this: one concrete mistake in UI Validation Topic 1771495464617, then the fix in 3 steps.", "cta": "Comment \'fix\' and I will share the checklist.", "hook": "Stop scrolling if you care about UI Validation Topic 1771495464617", "id": "1e04f4a1-ad98-4c2c-b026-007746eacc48", "predicted_retention": 0.78, "tone": "pattern_interrupt"}, {"body": "Set up the problem, tease the missing piece, reveal it with a quick before/after.", "cta": "Save this for your next post.", "hook": "The biggest mistake creators make about UI Validation Topic 1771495464617", "id": "7c11741e-9922-412d-8634-45ef3188990f", "predicted_retention": 0.81, "tone": "curiosity_gap"}, {"body": "Use one proof point, one framework, then one tactical action viewers can apply today.", "cta": "Follow for weekly breakdowns.", "hook": "POV: You finally figured out UI Validation Topic 1771495464617", "id": "d191e64a-bd96-4d3f-a8d9-22041b52a3a8", "predicted_retention": 0.76, "tone": "authority_play"}], "selected_script_id": null, "target_platforms": ["youtube"], "token_usage": {"completion_tokens": 0, "prompt_tokens": 0, "total_tokens": 0}, "topic": "UI Validation Topic 1771495464617", "trend_data": {"audio_recommendations": ["trending_sound_stub_01", "original_audio"], "confidence": 0.84, "optimal_posting_window": "18:00-20:00 EST", "platform": "youtube", "primary_trend": "educational_hacks", "saturation_level": "medium", "source": "mock_static_json", "suggested_hooks": ["Stop scrolling if you care about UI Validation Topic 1771495464617", "The biggest mistake creators make about UI Validation Topic 1771495464617", "POV: You finally figured out UI Validation Topic 1771495464617"]}, "updated_ts": 1771495476, "user_id": "user_001", "workflow_id": "c4156fae-e38c-4a1d-b6ed-9621612b45c2"}}}'))
operation functools.partial(<built-in method execute of sqlite3.Connection object at 0x0000025F57F416C0>, 'INSERT OR REPLACE INTO checkpoints (thread_id, thread_ts, parent_ts, checkpoint, metadata) VALUES (?, ?, ?, ?, ?)', ('c4156fae-e38c-4a1d-b6ed-9621612b45c2', '1f10d7a6-5af4-66da-8004-61613c3b8a90', '1f10d7a6-5ae9-6617-8003-4e73e72fe4f3', b'{"channel_values": {"brand_voice": "educational", "created_ts": 1771495465, "current_step": "awaiting_approval", "errors": [], "human_approval_status": {"scripts_approved": false, "scripts_rejected": false}, "human_gate_scripts": "human_gate_scripts", "script_variants": [{"body": "Most creators miss this: one concrete mistake in UI Validation Topic 1771495464617, then the fix in 3 steps.", "cta": "Comment \'fix\' and I will share the checklist.", "hook": "Stop scrolling if you care about UI Validation Topic 1771495464617", "id": "1e04f4a1-ad98-4c2c-b026-007746eacc48", "predicted_retention": 0.78, "tone": "pattern_interrupt"}, {"body": "Set up the problem, tease the missing piece, reveal it with a quick before/after.", "cta": "Save this for your next post.", "hook": "The biggest mistake creators make about UI Validation Topic 1771495464617", "id": "7c11741e-9922-412d-8634-45ef3188990f", "predicted_retention": 0.81, "tone": "curiosity_gap"}, {"body": "Use one proof point, one framework, then one tactical action viewers can apply today.", "cta": "Follow for weekly breakdowns.", "hook": "POV: You finally figured out UI Validation Topic 1771495464617", "id": "d191e64a-bd96-4d3f-a8d9-22041b52a3a8", "predicted_retention": 0.76, "tone": "authority_play"}], "selected_script_id": null, "target_platforms": ["youtube"], "token_usage": {"completion_tokens": 0, "prompt_tokens": 0, "total_tokens": 0}, "topic": "UI Validation Topic 1771495464617", "trend_data": {"audio_recommendations": ["trending_sound_stub_01", "original_audio"], "confidence": 0.84, "optimal_posting_window": "18:00-20:00 EST", "platform": "youtube", "primary_trend": "educational_hacks", "saturation_level": "medium", "source": "mock_static_json", "suggested_hooks": ["Stop scrolling if you care about UI Validation Topic 1771495464617", "The biggest mistake creators make about UI Validation Topic 1771495464617", "POV: You finally figured out UI Validation Topic 1771495464617"]}, "updated_ts": 1771495476, "user_id": "user_001", "workflow_id": "c4156fae-e38c-4a1d-b6ed-9621612b45c2"}, "channel_versions": {"__start__": 1, "analyze_trends": 4, "branch:entry_router:_route_from_entry:analyze_trends": 3, "branch:entry_router:_route_from_entry:human_gate_scripts": 0, "branch:human_gate_scripts:_route_after_human_gate:generate_scripts": 0, "brand_voice": 6, "created_ts": 6, "current_step": 6, "entry_router": 3, "errors": 6, "generate_scripts": 5, "human_approval_status": 6, "human_gate_scripts": 6, "script_variants": 6, "selected_script_id": 6, "start:entry_router": 2, "target_platforms": 6, "token_usage": 6, "topic": 6, "trend_data": 6, "updated_ts": 6, "user_id": 6, "workflow_id": 6}, "id": "1f10d7a6-5af4-66da-8004-61613c3b8a90", "ts": "2026-02-19T10:04:36.835298+00:00", "v": 1, "versions_seen": {"__start__": {"__start__": 1}, "analyze_trends": {"branch:entry_router:_route_from_entry:analyze_trends": 3}, "entry_router": {"start:entry_router": 2}, "finalize": {}, "generate_scripts": {"analyze_trends": 4, "branch:human_gate_scripts:_route_after_human_gate:generate_scripts": 0}, "human_gate_scripts": {"branch:entry_router:_route_from_entry:human_gate_scripts": 0, "generate_scripts": 5}}}', b'{"source": "loop", "step": 4, "writes": {"human_gate_scripts": {"brand_voice": "educational", "created_ts": 1771495465, "current_step": "awaiting_approval", "errors": [], "human_approval_status": {"scripts_approved": false, "scripts_rejected": false}, "script_variants": [{"body": "Most creators miss this: one concrete mistake in UI Validation Topic 1771495464617, then the fix in 3 steps.", "cta": "Comment \'fix\' and I will share the checklist.", "hook": "Stop scrolling if you care about UI Validation Topic 1771495464617", "id": "1e04f4a1-ad98-4c2c-b026-007746eacc48", "predicted_retention": 0.78, "tone": "pattern_interrupt"}, {"body": "Set up the problem, tease the missing piece, reveal it with a quick before/after.", "cta": "Save this for your next post.", "hook": "The biggest mistake creators make about UI Validation Topic 1771495464617", "id": "7c11741e-9922-412d-8634-45ef3188990f", "predicted_retention": 0.81, "tone": "curiosity_gap"}, {"body": "Use one proof point, one framework, then one tactical action viewers can apply today.", "cta": "Follow for weekly breakdowns.", "hook": "POV: You finally figured out UI Validation Topic 1771495464617", "id": "d191e64a-bd96-4d3f-a8d9-22041b52a3a8", "predicted_retention": 0.76, "tone": "authority_play"}], "selected_script_id": null, "target_platforms": ["youtube"], "token_usage": {"completion_tokens": 0, "prompt_tokens": 0, "total_tokens": 0}, "topic": "UI Validation Topic 1771495464617", "trend_data": {"audio_recommendations": ["trending_sound_stub_01", "original_audio"], "confidence": 0.84, "optimal_posting_window": "18:00-20:00 EST", "platform": "youtube", "primary_trend": "educational_hacks", "saturation_level": "medium", "source": "mock_static_json", "suggested_hooks": ["Stop scrolling if you care about UI Validation Topic 1771495464617", "The biggest mistake creators make about UI Validation Topic 1771495464617", "POV: You finally figured out UI Validation Topic 1771495464617"]}, "updated_ts": 1771495476, "user_id": "user_001", "workflow_id": "c4156fae-e38c-4a1d-b6ed-9621612b45c2"}}}')) completed
executing functools.partial(<built-in method commit of sqlite3.Connection object at 0x0000025F57F416C0>)
operation functools.partial(<built-in method commit of sqlite3.Connection object at 0x0000025F57F416C0>) completed
executing functools.partial(<built-in method commit of sqlite3.Connection object at 0x0000025F57F416C0>)
operation functools.partial(<built-in method commit of sqlite3.Connection object at 0x0000025F57F416C0>) completed
executing functools.partial(<built-in method close of sqlite3.Cursor object at 0x0000025F57F6FE40>)
operation functools.partial(<built-in method close of sqlite3.Cursor object at 0x0000025F57F6FE40>) completed
executing functools.partial(<built-in method close of sqlite3.Cursor object at 0x0000025F57BC6D40>)
operation functools.partial(<built-in method close of sqlite3.Cursor object at 0x0000025F57BC6D40>) completed
executing functools.partial(<built-in method cursor of sqlite3.Connection object at 0x0000025F57E94400>)
operation functools.partial(<built-in method cursor of sqlite3.Connection object at 0x0000025F57E94400>) completed
executing functools.partial(<built-in method execute of sqlite3.Cursor object at 0x0000025F57EE65C0>, 'INSERT INTO workflows (id, user_id, topic, target_platforms, status, state_snapshot, created_ts, updated_ts) VALUES (?, ?, ?, ?, ?, ?, ?, ?)', ('c4156fae-e38c-4a1d-b6ed-9621612b45c2', 'user_001', 'UI Validation Topic 1771495464617', '["youtube"]', 'awaiting_approval', '{"workflow_id": "c4156fae-e38c-4a1d-b6ed-9621612b45c2", "user_id": "user_001", "topic": "UI Validation Topic 1771495464617", "target_platforms": ["youtube"], "brand_voice": "educational", "trend_data": {"primary_trend": "educational_hacks", "confidence": 0.84, "suggested_hooks": ["Stop scrolling if you care about UI Validation Topic 1771495464617", "The biggest mistake creators make about UI Validation Topic 1771495464617", "POV: You finally figured out UI Validation Topic 1771495464617"], "audio_recommendations": ["trending_sound_stub_01", "original_audio"], "saturation_level": "medium", "optimal_posting_window": "18:00-20:00 EST", "platform": "youtube", "source": "mock_static_json"}, "script_variants": [{"id": "1e04f4a1-ad98-4c2c-b026-007746eacc48", "tone": "pattern_interrupt", "hook": "Stop scrolling if you care about UI Validation Topic 1771495464617", "body": "Most creators miss this: one concrete mistake in UI Validation Topic 1771495464617, then the fix in 3 steps.", "cta": "Comment \'fix\' and I will share the checklist.", "predicted_retention": 0.78}, {"id": "7c11741e-9922-412d-8634-45ef3188990f", "tone": "curiosity_gap", "hook": "The biggest mistake creators make about UI Validation Topic 1771495464617", "body": "Set up the problem, tease the missing piece, reveal it with a quick before/after.", "cta": "Save this for your next post.", "predicted_retention": 0.81}, {"id": "d191e64a-bd96-4d3f-a8d9-22041b52a3a8", "tone": "authority_play", "hook": "POV: You finally figured out UI Validation Topic 1771495464617", "body": "Use one proof point, one framework, then one tactical action viewers can apply today.", "cta": "Follow for weekly breakdowns.", "predicted_retention": 0.76}], "selected_script_id": null, "current_step": "awaiting_approval", "human_approval_status": {"scripts_approved": false, "scripts_rejected": false}, "token_usage": {"prompt_tokens": 0, "completion_tokens": 0, "total_tokens": 0}, "errors": [], "created_ts": 1771495465, "updated_ts": 1771495476}', 1771495465, 1771495476))
operation functools.partial(<built-in method execute of sqlite3.Cursor object at 0x0000025F57EE65C0>, 'INSERT INTO workflows (id, user_id, topic, target_platforms, status, state_snapshot, created_ts, updated_ts) VALUES (?, ?, ?, ?, ?, ?, ?, ?)', ('c4156fae-e38c-4a1d-b6ed-9621612b45c2', 'user_001', 'UI Validation Topic 1771495464617', '["youtube"]', 'awaiting_approval', '{"workflow_id": "c4156fae-e38c-4a1d-b6ed-9621612b45c2", "user_id": "user_001", "topic": "UI Validation Topic 1771495464617", "target_platforms": ["youtube"], "brand_voice": "educational", "trend_data": {"primary_trend": "educational_hacks", "confidence": 0.84, "suggested_hooks": ["Stop scrolling if you care about UI Validation Topic 1771495464617", "The biggest mistake creators make about UI Validation Topic 1771495464617", "POV: You finally figured out UI Validation Topic 1771495464617"], "audio_recommendations": ["trending_sound_stub_01", "original_audio"], "saturation_level": "medium", "optimal_posting_window": "18:00-20:00 EST", "platform": "youtube", "source": "mock_static_json"}, "script_variants": [{"id": "1e04f4a1-ad98-4c2c-b026-007746eacc48", "tone": "pattern_interrupt", "hook": "Stop scrolling if you care about UI Validation Topic 1771495464617", "body": "Most creators miss this: one concrete mistake in UI Validation Topic 1771495464617, then the fix in 3 steps.", "cta": "Comment \'fix\' and I will share the checklist.", "predicted_retention": 0.78}, {"id": "7c11741e-9922-412d-8634-45ef3188990f", "tone": "curiosity_gap", "hook": "The biggest mistake creators make about UI Validation Topic 1771495464617", "body": "Set up the problem, tease the missing piece, reveal it with a quick before/after.", "cta": "Save this for your next post.", "predicted_retention": 0.81}, {"id": "d191e64a-bd96-4d3f-a8d9-22041b52a3a8", "tone": "authority_play", "hook": "POV: You finally figured out UI Validation Topic 1771495464617", "body": "Use one proof point, one framework, then one tactical action viewers can apply today.", "cta": "Follow for weekly breakdowns.", "predicted_retention": 0.76}], "selected_script_id": null, "current_step": "awaiting_approval", "human_approval_status": {"scripts_approved": false, "scripts_rejected": false}, "token_usage": {"prompt_tokens": 0, "completion_tokens": 0, "total_tokens": 0}, "errors": [], "created_ts": 1771495465, "updated_ts": 1771495476}', 1771495465, 1771495476)) completed
executing functools.partial(<built-in method close of sqlite3.Cursor object at 0x0000025F57EE65C0>)
operation functools.partial(<built-in method close of sqlite3.Cursor object at 0x0000025F57EE65C0>) completed
executing functools.partial(<built-in method commit of sqlite3.Connection object at 0x0000025F57E94400>)
operation functools.partial(<built-in method commit of sqlite3.Connection object at 0x0000025F57E94400>) completed
executing functools.partial(<built-in method rollback of sqlite3.Connection object at 0x0000025F57E94400>)
operation functools.partial(<built-in method rollback of sqlite3.Connection object at 0x0000025F57E94400>) completed
INFO:     ::1:61156 - "POST /api/v1/workflows/start HTTP/1.1" 200 OK
executing functools.partial(<built-in method cursor of sqlite3.Connection object at 0x0000025F57E94400>)
operation functools.partial(<built-in method cursor of sqlite3.Connection object at 0x0000025F57E94400>) completed
executing functools.partial(<built-in method execute of sqlite3.Cursor object at 0x0000025F57F5B1C0>, 'SELECT workflows.id, workflows.user_id, workflows.topic, workflows.target_platforms, workflows.status, workflows.state_snapshot, workflows.created_ts, workflows.updated_ts \nFROM workflows ORDER BY workflows.updated_ts DESC', ())
operation functools.partial(<built-in method execute of sqlite3.Cursor object at 0x0000025F57F5B1C0>, 'SELECT workflows.id, workflows.user_id, workflows.topic, workflows.target_platforms, workflows.status, workflows.state_snapshot, workflows.created_ts, workflows.updated_ts \nFROM workflows ORDER BY workflows.updated_ts DESC', ()) completed
executing functools.partial(<built-in method fetchall of sqlite3.Cursor object at 0x0000025F57F5B1C0>)
operation functools.partial(<built-in method fetchall of sqlite3.Cursor object at 0x0000025F57F5B1C0>) completed
executing functools.partial(<built-in method close of sqlite3.Cursor object at 0x0000025F57F5B1C0>)
operation functools.partial(<built-in method close of sqlite3.Cursor object at 0x0000025F57F5B1C0>) completed
executing functools.partial(<built-in method rollback of sqlite3.Connection object at 0x0000025F57E94400>)
operation functools.partial(<built-in method rollback of sqlite3.Connection object at 0x0000025F57E94400>) completed
executing functools.partial(<built-in method rollback of sqlite3.Connection object at 0x0000025F57E94400>)
operation functools.partial(<built-in method rollback of sqlite3.Connection object at 0x0000025F57E94400>) completed
INFO:     ::1:61156 - "GET /api/v1/workflows HTTP/1.1" 200 OK
executing functools.partial(<built-in method cursor of sqlite3.Connection object at 0x0000025F57E94400>)
operation functools.partial(<built-in method cursor of sqlite3.Connection object at 0x0000025F57E94400>) completed
executing functools.partial(<built-in method execute of sqlite3.Cursor object at 0x0000025F57E9EC40>, 'SELECT workflows.id, workflows.user_id, workflows.topic, workflows.target_platforms, workflows.status, workflows.state_snapshot, workflows.created_ts, workflows.updated_ts \nFROM workflows \nWHERE workflows.id = ?', ('c4156fae-e38c-4a1d-b6ed-9621612b45c2',))
operation functools.partial(<built-in method execute of sqlite3.Cursor object at 0x0000025F57E9EC40>, 'SELECT workflows.id, workflows.user_id, workflows.topic, workflows.target_platforms, workflows.status, workflows.state_snapshot, workflows.created_ts, workflows.updated_ts \nFROM workflows \nWHERE workflows.id = ?', ('c4156fae-e38c-4a1d-b6ed-9621612b45c2',)) completed
executing functools.partial(<built-in method fetchall of sqlite3.Cursor object at 0x0000025F57E9EC40>)
operation functools.partial(<built-in method fetchall of sqlite3.Cursor object at 0x0000025F57E9EC40>) completed
executing functools.partial(<built-in method close of sqlite3.Cursor object at 0x0000025F57E9EC40>)
operation functools.partial(<built-in method close of sqlite3.Cursor object at 0x0000025F57E9EC40>) completed
executing functools.partial(<built-in method rollback of sqlite3.Connection object at 0x0000025F57E94400>)
operation functools.partial(<built-in method rollback of sqlite3.Connection object at 0x0000025F57E94400>) completed
executing functools.partial(<built-in method rollback of sqlite3.Connection object at 0x0000025F57E94400>)
operation functools.partial(<built-in method rollback of sqlite3.Connection object at 0x0000025F57E94400>) completed
INFO:     ::1:61156 - "GET /api/v1/workflows/c4156fae-e38c-4a1d-b6ed-9621612b45c2/status HTTP/1.1" 200 OK
INFO:     ::1:61156 - "OPTIONS /api/v1/workflows/c4156fae-e38c-4a1d-b6ed-9621612b45c2/approve HTTP/1.1" 200 OK
executing functools.partial(<built-in method cursor of sqlite3.Connection object at 0x0000025F57E94400>)
operation functools.partial(<built-in method cursor of sqlite3.Connection object at 0x0000025F57E94400>) completed
executing functools.partial(<built-in method execute of sqlite3.Cursor object at 0x0000025F57F6F440>, 'SELECT workflows.id, workflows.user_id, workflows.topic, workflows.target_platforms, workflows.status, workflows.state_snapshot, workflows.created_ts, workflows.updated_ts \nFROM workflows \nWHERE workflows.id = ?', ('c4156fae-e38c-4a1d-b6ed-9621612b45c2',))
operation functools.partial(<built-in method execute of sqlite3.Cursor object at 0x0000025F57F6F440>, 'SELECT workflows.id, workflows.user_id, workflows.topic, workflows.target_platforms, workflows.status, workflows.state_snapshot, workflows.created_ts, workflows.updated_ts \nFROM workflows \nWHERE workflows.id = ?', ('c4156fae-e38c-4a1d-b6ed-9621612b45c2',)) completed
executing functools.partial(<built-in method fetchall of sqlite3.Cursor object at 0x0000025F57F6F440>)
operation functools.partial(<built-in method fetchall of sqlite3.Cursor object at 0x0000025F57F6F440>) completed
executing functools.partial(<built-in method close of sqlite3.Cursor object at 0x0000025F57F6F440>)
operation functools.partial(<built-in method close of sqlite3.Cursor object at 0x0000025F57F6F440>) completed
executing functools.partial(<built-in method execute of sqlite3.Connection object at 0x0000025F57F416C0>, 'SELECT thread_id, thread_ts, parent_ts, checkpoint, metadata FROM checkpoints WHERE thread_id = ? ORDER BY thread_ts DESC LIMIT 1', ('c4156fae-e38c-4a1d-b6ed-9621612b45c2',))
operation functools.partial(<built-in method execute of sqlite3.Connection object at 0x0000025F57F416C0>, 'SELECT thread_id, thread_ts, parent_ts, checkpoint, metadata FROM checkpoints WHERE thread_id = ? ORDER BY thread_ts DESC LIMIT 1', ('c4156fae-e38c-4a1d-b6ed-9621612b45c2',)) completed
executing functools.partial(<built-in method fetchone of sqlite3.Cursor object at 0x0000025F57EE74C0>)
operation functools.partial(<built-in method fetchone of sqlite3.Cursor object at 0x0000025F57EE74C0>) completed
executing functools.partial(<built-in method close of sqlite3.Cursor object at 0x0000025F57EE74C0>)
operation functools.partial(<built-in method close of sqlite3.Cursor object at 0x0000025F57EE74C0>) completed
executing functools.partial(<built-in method execute of sqlite3.Connection object at 0x0000025F57F416C0>, 'INSERT OR REPLACE INTO checkpoints (thread_id, thread_ts, parent_ts, checkpoint, metadata) VALUES (?, ?, ?, ?, ?)', ('c4156fae-e38c-4a1d-b6ed-9621612b45c2', '1f10d7a6-5d7a-6f1b-8005-ebe7516ba7ff', '1f10d7a6-5af4-66da-8004-61613c3b8a90', b'{"channel_values": {"__start__": {"brand_voice": "educational", "created_ts": 1771495465, "current_step": "awaiting_approval", "errors": [], "human_approval_status": {"scripts_approved": true, "scripts_rejected": false}, "script_variants": [{"body": "Most creators miss this: one concrete mistake in UI Validation Topic 1771495464617, then the fix in 3 steps.", "cta": "Comment \'fix\' and I will share the checklist.", "hook": "Stop scrolling if you care about UI Validation Topic 1771495464617", "id": "1e04f4a1-ad98-4c2c-b026-007746eacc48", "predicted_retention": 0.78, "tone": "pattern_interrupt"}, {"body": "Set up the problem, tease the missing piece, reveal it with a quick before/after.", "cta": "Save this for your next post.", "hook": "The biggest mistake creators make about UI Validation Topic 1771495464617", "id": "7c11741e-9922-412d-8634-45ef3188990f", "predicted_retention": 0.81, "tone": "curiosity_gap"}, {"body": "Use one proof point, one framework, then one tactical action viewers can apply today.", "cta": "Follow for weekly breakdowns.", "hook": "POV: You finally figured out UI Validation Topic 1771495464617", "id": "d191e64a-bd96-4d3f-a8d9-22041b52a3a8", "predicted_retention": 0.76, "tone": "authority_play"}], "selected_script_id": "1e04f4a1-ad98-4c2c-b026-007746eacc48", "target_platforms": ["youtube"], "token_usage": {"completion_tokens": 0, "prompt_tokens": 0, "total_tokens": 0}, "topic": "UI Validation Topic 1771495464617", "trend_data": {"audio_recommendations": ["trending_sound_stub_01", "original_audio"], "confidence": 0.84, "optimal_posting_window": "18:00-20:00 EST", "platform": "youtube", "primary_trend": "educational_hacks", "saturation_level": "medium", "source": "mock_static_json", "suggested_hooks": ["Stop scrolling if you care about UI Validation Topic 1771495464617", "The biggest mistake creators make about UI Validation Topic 1771495464617", "POV: You finally figured out UI Validation Topic 1771495464617"]}, "updated_ts": 1771495477, "user_id": "user_001", "workflow_id": "c4156fae-e38c-4a1d-b6ed-9621612b45c2"}, "brand_voice": "educational", "created_ts": 1771495465, "current_step": "awaiting_approval", "errors": [], "human_approval_status": {"scripts_approved": false, "scripts_rejected": false}, "script_variants": [{"body": "Most creators miss this: one concrete mistake in UI Validation Topic 1771495464617, then the fix in 3 steps.", "cta": "Comment \'fix\' and I will share the checklist.", "hook": "Stop scrolling if you care about UI Validation Topic 1771495464617", "id": "1e04f4a1-ad98-4c2c-b026-007746eacc48", "predicted_retention": 0.78, "tone": "pattern_interrupt"}, {"body": "Set up the problem, tease the missing piece, reveal it with a quick before/after.", "cta": "Save this for your next post.", "hook": "The biggest mistake creators make about UI Validation Topic 1771495464617", "id": "7c11741e-9922-412d-8634-45ef3188990f", "predicted_retention": 0.81, "tone": "curiosity_gap"}, {"body": "Use one proof point, one framework, then one tactical action viewers can apply today.", "cta": "Follow for weekly breakdowns.", "hook": "POV: You finally figured out UI Validation Topic 1771495464617", "id": "d191e64a-bd96-4d3f-a8d9-22041b52a3a8", "predicted_retention": 0.76, "tone": "authority_play"}], "target_platforms": ["youtube"], "token_usage": {"completion_tokens": 0, "prompt_tokens": 0, "total_tokens": 0}, "topic": "UI Validation Topic 1771495464617", "trend_data": {"audio_recommendations": ["trending_sound_stub_01", "original_audio"], "confidence": 0.84, "optimal_posting_window": "18:00-20:00 EST", "platform": "youtube", "primary_trend": "educational_hacks", "saturation_level": "medium", "source": "mock_static_json", "suggested_hooks": ["Stop scrolling if you care about UI Validation Topic 1771495464617", "The biggest mistake creators make about UI Validation Topic 1771495464617", "POV: You finally figured out UI Validation Topic 1771495464617"]}, "updated_ts": 1771495476, "user_id": "user_001", "workflow_id": "c4156fae-e38c-4a1d-b6ed-9621612b45c2"}, "channel_versions": {"__start__": 7, "analyze_trends": 4, "branch:entry_router:_route_from_entry:analyze_trends": 3, "branch:entry_router:_route_from_entry:human_gate_scripts": 0, "branch:human_gate_scripts:_route_after_human_gate:generate_scripts": 0, "brand_voice": 6, "created_ts": 6, "current_step": 6, "entry_router": 3, "errors": 6, "generate_scripts": 5, "human_approval_status": 6, "human_gate_scripts": 6, "script_variants": 6, "selected_script_id": 6, "start:entry_router": 2, "target_platforms": 6, "token_usage": 6, "topic": 6, "trend_data": 6, "updated_ts": 6, "user_id": 6, "workflow_id": 6}, "id": "1f10d7a6-5d7a-6f1b-8005-ebe7516ba7ff", "ts": "2026-02-19T10:04:37.099105+00:00", "v": 1, "versions_seen": {"__start__": {"__start__": 1}, "analyze_trends": {"branch:entry_router:_route_from_entry:analyze_trends": 3}, "entry_router": {"start:entry_router": 2}, "finalize": {}, "generate_scripts": {"analyze_trends": 4, "branch:human_gate_scripts:_route_after_human_gate:generate_scripts": 0}, "human_gate_scripts": {"branch:entry_router:_route_from_entry:human_gate_scripts": 0, "generate_scripts": 5}}}', b'{"source": "input", "step": 5, "writes": {"brand_voice": "educational", "created_ts": 1771495465, "current_step": "awaiting_approval", "errors": [], "human_approval_status": {"scripts_approved": true, "scripts_rejected": false}, "script_variants": [{"body": "Most creators miss this: one concrete mistake in UI Validation Topic 1771495464617, then the fix in 3 steps.", "cta": "Comment \'fix\' and I will share the checklist.", "hook": "Stop scrolling if you care about UI Validation Topic 1771495464617", "id": "1e04f4a1-ad98-4c2c-b026-007746eacc48", "predicted_retention": 0.78, "tone": "pattern_interrupt"}, {"body": "Set up the problem, tease the missing piece, reveal it with a quick before/after.", "cta": "Save this for your next post.", "hook": "The biggest mistake creators make about UI Validation Topic 1771495464617", "id": "7c11741e-9922-412d-8634-45ef3188990f", "predicted_retention": 0.81, "tone": "curiosity_gap"}, {"body": "Use one proof point, one framework, then one tactical action viewers can apply today.", "cta": "Follow for weekly breakdowns.", "hook": "POV: You finally figured out UI Validation Topic 1771495464617", "id": "d191e64a-bd96-4d3f-a8d9-22041b52a3a8", "predicted_retention": 0.76, "tone": "authority_play"}], "selected_script_id": "1e04f4a1-ad98-4c2c-b026-007746eacc48", "target_platforms": ["youtube"], "token_usage": {"completion_tokens": 0, "prompt_tokens": 0, "total_tokens": 0}, "topic": "UI Validation Topic 1771495464617", "trend_data": {"audio_recommendations": ["trending_sound_stub_01", "original_audio"], "confidence": 0.84, "optimal_posting_window": "18:00-20:00 EST", "platform": "youtube", "primary_trend": "educational_hacks", "saturation_level": "medium", "source": "mock_static_json", "suggested_hooks": ["Stop scrolling if you care about UI Validation Topic 1771495464617", "The biggest mistake creators make about UI Validation Topic 1771495464617", "POV: You finally figured out UI Validation Topic 1771495464617"]}, "updated_ts": 1771495477, "user_id": "user_001", "workflow_id": "c4156fae-e38c-4a1d-b6ed-9621612b45c2"}}'))
operation functools.partial(<built-in method execute of sqlite3.Connection object at 0x0000025F57F416C0>, 'INSERT OR REPLACE INTO checkpoints (thread_id, thread_ts, parent_ts, checkpoint, metadata) VALUES (?, ?, ?, ?, ?)', ('c4156fae-e38c-4a1d-b6ed-9621612b45c2', '1f10d7a6-5d7a-6f1b-8005-ebe7516ba7ff', '1f10d7a6-5af4-66da-8004-61613c3b8a90', b'{"channel_values": {"__start__": {"brand_voice": "educational", "created_ts": 1771495465, "current_step": "awaiting_approval", "errors": [], "human_approval_status": {"scripts_approved": true, "scripts_rejected": false}, "script_variants": [{"body": "Most creators miss this: one concrete mistake in UI Validation Topic 1771495464617, then the fix in 3 steps.", "cta": "Comment \'fix\' and I will share the checklist.", "hook": "Stop scrolling if you care about UI Validation Topic 1771495464617", "id": "1e04f4a1-ad98-4c2c-b026-007746eacc48", "predicted_retention": 0.78, "tone": "pattern_interrupt"}, {"body": "Set up the problem, tease the missing piece, reveal it with a quick before/after.", "cta": "Save this for your next post.", "hook": "The biggest mistake creators make about UI Validation Topic 1771495464617", "id": "7c11741e-9922-412d-8634-45ef3188990f", "predicted_retention": 0.81, "tone": "curiosity_gap"}, {"body": "Use one proof point, one framework, then one tactical action viewers can apply today.", "cta": "Follow for weekly breakdowns.", "hook": "POV: You finally figured out UI Validation Topic 1771495464617", "id": "d191e64a-bd96-4d3f-a8d9-22041b52a3a8", "predicted_retention": 0.76, "tone": "authority_play"}], "selected_script_id": "1e04f4a1-ad98-4c2c-b026-007746eacc48", "target_platforms": ["youtube"], "token_usage": {"completion_tokens": 0, "prompt_tokens": 0, "total_tokens": 0}, "topic": "UI Validation Topic 1771495464617", "trend_data": {"audio_recommendations": ["trending_sound_stub_01", "original_audio"], "confidence": 0.84, "optimal_posting_window": "18:00-20:00 EST", "platform": "youtube", "primary_trend": "educational_hacks", "saturation_level": "medium", "source": "mock_static_json", "suggested_hooks": ["Stop scrolling if you care about UI Validation Topic 1771495464617", "The biggest mistake creators make about UI Validation Topic 1771495464617", "POV: You finally figured out UI Validation Topic 1771495464617"]}, "updated_ts": 1771495477, "user_id": "user_001", "workflow_id": "c4156fae-e38c-4a1d-b6ed-9621612b45c2"}, "brand_voice": "educational", "created_ts": 1771495465, "current_step": "awaiting_approval", "errors": [], "human_approval_status": {"scripts_approved": false, "scripts_rejected": false}, "script_variants": [{"body": "Most creators miss this: one concrete mistake in UI Validation Topic 1771495464617, then the fix in 3 steps.", "cta": "Comment \'fix\' and I will share the checklist.", "hook": "Stop scrolling if you care about UI Validation Topic 1771495464617", "id": "1e04f4a1-ad98-4c2c-b026-007746eacc48", "predicted_retention": 0.78, "tone": "pattern_interrupt"}, {"body": "Set up the problem, tease the missing piece, reveal it with a quick before/after.", "cta": "Save this for your next post.", "hook": "The biggest mistake creators make about UI Validation Topic 1771495464617", "id": "7c11741e-9922-412d-8634-45ef3188990f", "predicted_retention": 0.81, "tone": "curiosity_gap"}, {"body": "Use one proof point, one framework, then one tactical action viewers can apply today.", "cta": "Follow for weekly breakdowns.", "hook": "POV: You finally figured out UI Validation Topic 1771495464617", "id": "d191e64a-bd96-4d3f-a8d9-22041b52a3a8", "predicted_retention": 0.76, "tone": "authority_play"}], "target_platforms": ["youtube"], "token_usage": {"completion_tokens": 0, "prompt_tokens": 0, "total_tokens": 0}, "topic": "UI Validation Topic 1771495464617", "trend_data": {"audio_recommendations": ["trending_sound_stub_01", "original_audio"], "confidence": 0.84, "optimal_posting_window": "18:00-20:00 EST", "platform": "youtube", "primary_trend": "educational_hacks", "saturation_level": "medium", "source": "mock_static_json", "suggested_hooks": ["Stop scrolling if you care about UI Validation Topic 1771495464617", "The biggest mistake creators make about UI Validation Topic 1771495464617", "POV: You finally figured out UI Validation Topic 1771495464617"]}, "updated_ts": 1771495476, "user_id": "user_001", "workflow_id": "c4156fae-e38c-4a1d-b6ed-9621612b45c2"}, "channel_versions": {"__start__": 7, "analyze_trends": 4, "branch:entry_router:_route_from_entry:analyze_trends": 3, "branch:entry_router:_route_from_entry:human_gate_scripts": 0, "branch:human_gate_scripts:_route_after_human_gate:generate_scripts": 0, "brand_voice": 6, "created_ts": 6, "current_step": 6, "entry_router": 3, "errors": 6, "generate_scripts": 5, "human_approval_status": 6, "human_gate_scripts": 6, "script_variants": 6, "selected_script_id": 6, "start:entry_router": 2, "target_platforms": 6, "token_usage": 6, "topic": 6, "trend_data": 6, "updated_ts": 6, "user_id": 6, "workflow_id": 6}, "id": "1f10d7a6-5d7a-6f1b-8005-ebe7516ba7ff", "ts": "2026-02-19T10:04:37.099105+00:00", "v": 1, "versions_seen": {"__start__": {"__start__": 1}, "analyze_trends": {"branch:entry_router:_route_from_entry:analyze_trends": 3}, "entry_router": {"start:entry_router": 2}, "finalize": {}, "generate_scripts": {"analyze_trends": 4, "branch:human_gate_scripts:_route_after_human_gate:generate_scripts": 0}, "human_gate_scripts": {"branch:entry_router:_route_from_entry:human_gate_scripts": 0, "generate_scripts": 5}}}', b'{"source": "input", "step": 5, "writes": {"brand_voice": "educational", "created_ts": 1771495465, "current_step": "awaiting_approval", "errors": [], "human_approval_status": {"scripts_approved": true, "scripts_rejected": false}, "script_variants": [{"body": "Most creators miss this: one concrete mistake in UI Validation Topic 1771495464617, then the fix in 3 steps.", "cta": "Comment \'fix\' and I will share the checklist.", "hook": "Stop scrolling if you care about UI Validation Topic 1771495464617", "id": "1e04f4a1-ad98-4c2c-b026-007746eacc48", "predicted_retention": 0.78, "tone": "pattern_interrupt"}, {"body": "Set up the problem, tease the missing piece, reveal it with a quick before/after.", "cta": "Save this for your next post.", "hook": "The biggest mistake creators make about UI Validation Topic 1771495464617", "id": "7c11741e-9922-412d-8634-45ef3188990f", "predicted_retention": 0.81, "tone": "curiosity_gap"}, {"body": "Use one proof point, one framework, then one tactical action viewers can apply today.", "cta": "Follow for weekly breakdowns.", "hook": "POV: You finally figured out UI Validation Topic 1771495464617", "id": "d191e64a-bd96-4d3f-a8d9-22041b52a3a8", "predicted_retention": 0.76, "tone": "authority_play"}], "selected_script_id": "1e04f4a1-ad98-4c2c-b026-007746eacc48", "target_platforms": ["youtube"], "token_usage": {"completion_tokens": 0, "prompt_tokens": 0, "total_tokens": 0}, "topic": "UI Validation Topic 1771495464617", "trend_data": {"audio_recommendations": ["trending_sound_stub_01", "original_audio"], "confidence": 0.84, "optimal_posting_window": "18:00-20:00 EST", "platform": "youtube", "primary_trend": "educational_hacks", "saturation_level": "medium", "source": "mock_static_json", "suggested_hooks": ["Stop scrolling if you care about UI Validation Topic 1771495464617", "The biggest mistake creators make about UI Validation Topic 1771495464617", "POV: You finally figured out UI Validation Topic 1771495464617"]}, "updated_ts": 1771495477, "user_id": "user_001", "workflow_id": "c4156fae-e38c-4a1d-b6ed-9621612b45c2"}}')) completed
executing functools.partial(<built-in method execute of sqlite3.Connection object at 0x0000025F57F416C0>, 'INSERT OR REPLACE INTO checkpoints (thread_id, thread_ts, parent_ts, checkpoint, metadata) VALUES (?, ?, ?, ?, ?)', ('c4156fae-e38c-4a1d-b6ed-9621612b45c2', '1f10d7a6-5d7d-665e-8006-bbf6516e2dfe', '1f10d7a6-5d7a-6f1b-8005-ebe7516ba7ff', b'{"channel_values": {"brand_voice": "educational", "created_ts": 1771495465, "current_step": "awaiting_approval", "errors": [], "human_approval_status": {"scripts_approved": true, "scripts_rejected": false}, "script_variants": [{"body": "Most creators miss this: one concrete mistake in UI Validation Topic 1771495464617, then the fix in 3 steps.", "cta": "Comment \'fix\' and I will share the checklist.", "hook": "Stop scrolling if you care about UI Validation Topic 1771495464617", "id": "1e04f4a1-ad98-4c2c-b026-007746eacc48", "predicted_retention": 0.78, "tone": "pattern_interrupt"}, {"body": "Set up the problem, tease the missing piece, reveal it with a quick before/after.", "cta": "Save this for your next post.", "hook": "The biggest mistake creators make about UI Validation Topic 1771495464617", "id": "7c11741e-9922-412d-8634-45ef3188990f", "predicted_retention": 0.81, "tone": "curiosity_gap"}, {"body": "Use one proof point, one framework, then one tactical action viewers can apply today.", "cta": "Follow for weekly breakdowns.", "hook": "POV: You finally figured out UI Validation Topic 1771495464617", "id": "d191e64a-bd96-4d3f-a8d9-22041b52a3a8", "predicted_retention": 0.76, "tone": "authority_play"}], "selected_script_id": "1e04f4a1-ad98-4c2c-b026-007746eacc48", "start:entry_router": "__start__", "target_platforms": ["youtube"], "token_usage": {"completion_tokens": 0, "prompt_tokens": 0, "total_tokens": 0}, "topic": "UI Validation Topic 1771495464617", "trend_data": {"audio_recommendations": ["trending_sound_stub_01", "original_audio"], "confidence": 0.84, "optimal_posting_window": "18:00-20:00 EST", "platform": "youtube", "primary_trend": "educational_hacks", "saturation_level": "medium", "source": "mock_static_json", "suggested_hooks": ["Stop scrolling if you care about UI Validation Topic 1771495464617", "The biggest mistake creators make about UI Validation Topic 1771495464617", "POV: You finally figured out UI Validation Topic 1771495464617"]}, "updated_ts": 1771495477, "user_id": "user_001", "workflow_id": "c4156fae-e38c-4a1d-b6ed-9621612b45c2"}, "channel_versions": {"__start__": 7, "analyze_trends": 4, "branch:entry_router:_route_from_entry:analyze_trends": 3, "branch:entry_router:_route_from_entry:human_gate_scripts": 0, "branch:human_gate_scripts:_route_after_human_gate:generate_scripts": 0, "brand_voice": 8, "created_ts": 8, "current_step": 8, "entry_router": 3, "errors": 8, "generate_scripts": 5, "human_approval_status": 8, "human_gate_scripts": 6, "script_variants": 8, "selected_script_id": 8, "start:entry_router": 8, "target_platforms": 8, "token_usage": 8, "topic": 8, "trend_data": 8, "updated_ts": 8, "user_id": 8, "workflow_id": 8}, "id": "1f10d7a6-5d7d-665e-8006-bbf6516e2dfe", "ts": "2026-02-19T10:04:37.101116+00:00", "v": 1, "versions_seen": {"__start__": {"__start__": 7}, "analyze_trends": {"branch:entry_router:_route_from_entry:analyze_trends": 3}, "entry_router": {"start:entry_router": 2}, "finalize": {}, "generate_scripts": {"analyze_trends": 4, "branch:human_gate_scripts:_route_after_human_gate:generate_scripts": 0}, "human_gate_scripts": {"branch:entry_router:_route_from_entry:human_gate_scripts": 0, "generate_scripts": 5}}}', b'{"source": "loop", "step": 6, "writes": null}'))
operation functools.partial(<built-in method execute of sqlite3.Connection object at 0x0000025F57F416C0>, 'INSERT OR REPLACE INTO checkpoints (thread_id, thread_ts, parent_ts, checkpoint, metadata) VALUES (?, ?, ?, ?, ?)', ('c4156fae-e38c-4a1d-b6ed-9621612b45c2', '1f10d7a6-5d7d-665e-8006-bbf6516e2dfe', '1f10d7a6-5d7a-6f1b-8005-ebe7516ba7ff', b'{"channel_values": {"brand_voice": "educational", "created_ts": 1771495465, "current_step": "awaiting_approval", "errors": [], "human_approval_status": {"scripts_approved": true, "scripts_rejected": false}, "script_variants": [{"body": "Most creators miss this: one concrete mistake in UI Validation Topic 1771495464617, then the fix in 3 steps.", "cta": "Comment \'fix\' and I will share the checklist.", "hook": "Stop scrolling if you care about UI Validation Topic 1771495464617", "id": "1e04f4a1-ad98-4c2c-b026-007746eacc48", "predicted_retention": 0.78, "tone": "pattern_interrupt"}, {"body": "Set up the problem, tease the missing piece, reveal it with a quick before/after.", "cta": "Save this for your next post.", "hook": "The biggest mistake creators make about UI Validation Topic 1771495464617", "id": "7c11741e-9922-412d-8634-45ef3188990f", "predicted_retention": 0.81, "tone": "curiosity_gap"}, {"body": "Use one proof point, one framework, then one tactical action viewers can apply today.", "cta": "Follow for weekly breakdowns.", "hook": "POV: You finally figured out UI Validation Topic 1771495464617", "id": "d191e64a-bd96-4d3f-a8d9-22041b52a3a8", "predicted_retention": 0.76, "tone": "authority_play"}], "selected_script_id": "1e04f4a1-ad98-4c2c-b026-007746eacc48", "start:entry_router": "__start__", "target_platforms": ["youtube"], "token_usage": {"completion_tokens": 0, "prompt_tokens": 0, "total_tokens": 0}, "topic": "UI Validation Topic 1771495464617", "trend_data": {"audio_recommendations": ["trending_sound_stub_01", "original_audio"], "confidence": 0.84, "optimal_posting_window": "18:00-20:00 EST", "platform": "youtube", "primary_trend": "educational_hacks", "saturation_level": "medium", "source": "mock_static_json", "suggested_hooks": ["Stop scrolling if you care about UI Validation Topic 1771495464617", "The biggest mistake creators make about UI Validation Topic 1771495464617", "POV: You finally figured out UI Validation Topic 1771495464617"]}, "updated_ts": 1771495477, "user_id": "user_001", "workflow_id": "c4156fae-e38c-4a1d-b6ed-9621612b45c2"}, "channel_versions": {"__start__": 7, "analyze_trends": 4, "branch:entry_router:_route_from_entry:analyze_trends": 3, "branch:entry_router:_route_from_entry:human_gate_scripts": 0, "branch:human_gate_scripts:_route_after_human_gate:generate_scripts": 0, "brand_voice": 8, "created_ts": 8, "current_step": 8, "entry_router": 3, "errors": 8, "generate_scripts": 5, "human_approval_status": 8, "human_gate_scripts": 6, "script_variants": 8, "selected_script_id": 8, "start:entry_router": 8, "target_platforms": 8, "token_usage": 8, "topic": 8, "trend_data": 8, "updated_ts": 8, "user_id": 8, "workflow_id": 8}, "id": "1f10d7a6-5d7d-665e-8006-bbf6516e2dfe", "ts": "2026-02-19T10:04:37.101116+00:00", "v": 1, "versions_seen": {"__start__": {"__start__": 7}, "analyze_trends": {"branch:entry_router:_route_from_entry:analyze_trends": 3}, "entry_router": {"start:entry_router": 2}, "finalize": {}, "generate_scripts": {"analyze_trends": 4, "branch:human_gate_scripts:_route_after_human_gate:generate_scripts": 0}, "human_gate_scripts": {"branch:entry_router:_route_from_entry:human_gate_scripts": 0, "generate_scripts": 5}}}', b'{"source": "loop", "step": 6, "writes": null}')) completed
executing functools.partial(<built-in method commit of sqlite3.Connection object at 0x0000025F57F416C0>)
operation functools.partial(<built-in method commit of sqlite3.Connection object at 0x0000025F57F416C0>) completed
executing functools.partial(<built-in method execute of sqlite3.Connection object at 0x0000025F57F416C0>, 'INSERT OR REPLACE INTO checkpoints (thread_id, thread_ts, parent_ts, checkpoint, metadata) VALUES (?, ?, ?, ?, ?)', ('c4156fae-e38c-4a1d-b6ed-9621612b45c2', '1f10d7a6-5d87-631b-8007-76034ddda7e8', '1f10d7a6-5d7d-665e-8006-bbf6516e2dfe', b'{"channel_values": {"branch:entry_router:_route_from_entry:human_gate_scripts": "entry_router", "brand_voice": "educational", "created_ts": 1771495465, "current_step": "awaiting_approval", "entry_router": "entry_router", "errors": [], "human_approval_status": {"scripts_approved": true, "scripts_rejected": false}, "script_variants": [{"body": "Most creators miss this: one concrete mistake in UI Validation Topic 1771495464617, then the fix in 3 steps.", "cta": "Comment \'fix\' and I will share the checklist.", "hook": "Stop scrolling if you care about UI Validation Topic 1771495464617", "id": "1e04f4a1-ad98-4c2c-b026-007746eacc48", "predicted_retention": 0.78, "tone": "pattern_interrupt"}, {"body": "Set up the problem, tease the missing piece, reveal it with a quick before/after.", "cta": "Save this for your next post.", "hook": "The biggest mistake creators make about UI Validation Topic 1771495464617", "id": "7c11741e-9922-412d-8634-45ef3188990f", "predicted_retention": 0.81, "tone": "curiosity_gap"}, {"body": "Use one proof point, one framework, then one tactical action viewers can apply today.", "cta": "Follow for weekly breakdowns.", "hook": "POV: You finally figured out UI Validation Topic 1771495464617", "id": "d191e64a-bd96-4d3f-a8d9-22041b52a3a8", "predicted_retention": 0.76, "tone": "authority_play"}], "selected_script_id": "1e04f4a1-ad98-4c2c-b026-007746eacc48", "target_platforms": ["youtube"], "token_usage": {"completion_tokens": 0, "prompt_tokens": 0, "total_tokens": 0}, "topic": "UI Validation Topic 1771495464617", "trend_data": {"audio_recommendations": ["trending_sound_stub_01", "original_audio"], "confidence": 0.84, "optimal_posting_window": "18:00-20:00 EST", "platform": "youtube", "primary_trend": "educational_hacks", "saturation_level": "medium", "source": "mock_static_json", "suggested_hooks": ["Stop scrolling if you care about UI Validation Topic 1771495464617", "The biggest mistake creators make about UI Validation Topic 1771495464617", "POV: You finally figured out UI Validation Topic 1771495464617"]}, "updated_ts": 1771495477, "user_id": "user_001", "workflow_id": "c4156fae-e38c-4a1d-b6ed-9621612b45c2"}, "channel_versions": {"__start__": 7, "analyze_trends": 4, "branch:entry_router:_route_from_entry:analyze_trends": 3, "branch:entry_router:_route_from_entry:human_gate_scripts": 9, "branch:human_gate_scripts:_route_after_human_gate:generate_scripts": 0, "brand_voice": 9, "created_ts": 9, "current_step": 9, "entry_router": 9, "errors": 9, "generate_scripts": 5, "human_approval_status": 9, "human_gate_scripts": 6, "script_variants": 9, "selected_script_id": 9, "start:entry_router": 8, "target_platforms": 9, "token_usage": 9, "topic": 9, "trend_data": 9, "updated_ts": 9, "user_id": 9, "workflow_id": 9}, "id": "1f10d7a6-5d87-631b-8007-76034ddda7e8", "ts": "2026-02-19T10:04:37.105129+00:00", "v": 1, "versions_seen": {"__start__": {"__start__": 7}, "analyze_trends": {"branch:entry_router:_route_from_entry:analyze_trends": 3}, "entry_router": {"start:entry_router": 8}, "finalize": {}, "generate_scripts": {"analyze_trends": 4, "branch:human_gate_scripts:_route_after_human_gate:generate_scripts": 0}, "human_gate_scripts": {"branch:entry_router:_route_from_entry:human_gate_scripts": 0, "generate_scripts": 5}}}', b'{"source": "loop", "step": 7, "writes": {"entry_router": {"brand_voice": "educational", "created_ts": 1771495465, "current_step": "awaiting_approval", "errors": [], "human_approval_status": {"scripts_approved": true, "scripts_rejected": false}, "script_variants": [{"body": "Most creators miss this: one concrete mistake in UI Validation Topic 1771495464617, then the fix in 3 steps.", "cta": "Comment \'fix\' and I will share the checklist.", "hook": "Stop scrolling if you care about UI Validation Topic 1771495464617", "id": "1e04f4a1-ad98-4c2c-b026-007746eacc48", "predicted_retention": 0.78, "tone": "pattern_interrupt"}, {"body": "Set up the problem, tease the missing piece, reveal it with a quick before/after.", "cta": "Save this for your next post.", "hook": "The biggest mistake creators make about UI Validation Topic 1771495464617", "id": "7c11741e-9922-412d-8634-45ef3188990f", "predicted_retention": 0.81, "tone": "curiosity_gap"}, {"body": "Use one proof point, one framework, then one tactical action viewers can apply today.", "cta": "Follow for weekly breakdowns.", "hook": "POV: You finally figured out UI Validation Topic 1771495464617", "id": "d191e64a-bd96-4d3f-a8d9-22041b52a3a8", "predicted_retention": 0.76, "tone": "authority_play"}], "selected_script_id": "1e04f4a1-ad98-4c2c-b026-007746eacc48", "target_platforms": ["youtube"], "token_usage": {"completion_tokens": 0, "prompt_tokens": 0, "total_tokens": 0}, "topic": "UI Validation Topic 1771495464617", "trend_data": {"audio_recommendations": ["trending_sound_stub_01", "original_audio"], "confidence": 0.84, "optimal_posting_window": "18:00-20:00 EST", "platform": "youtube", "primary_trend": "educational_hacks", "saturation_level": "medium", "source": "mock_static_json", "suggested_hooks": ["Stop scrolling if you care about UI Validation Topic 1771495464617", "The biggest mistake creators make about UI Validation Topic 1771495464617", "POV: You finally figured out UI Validation Topic 1771495464617"]}, "updated_ts": 1771495477, "user_id": "user_001", "workflow_id": "c4156fae-e38c-4a1d-b6ed-9621612b45c2"}}}'))
operation functools.partial(<built-in method execute of sqlite3.Connection object at 0x0000025F57F416C0>, 'INSERT OR REPLACE INTO checkpoints (thread_id, thread_ts, parent_ts, checkpoint, metadata) VALUES (?, ?, ?, ?, ?)', ('c4156fae-e38c-4a1d-b6ed-9621612b45c2', '1f10d7a6-5d87-631b-8007-76034ddda7e8', '1f10d7a6-5d7d-665e-8006-bbf6516e2dfe', b'{"channel_values": {"branch:entry_router:_route_from_entry:human_gate_scripts": "entry_router", "brand_voice": "educational", "created_ts": 1771495465, "current_step": "awaiting_approval", "entry_router": "entry_router", "errors": [], "human_approval_status": {"scripts_approved": true, "scripts_rejected": false}, "script_variants": [{"body": "Most creators miss this: one concrete mistake in UI Validation Topic 1771495464617, then the fix in 3 steps.", "cta": "Comment \'fix\' and I will share the checklist.", "hook": "Stop scrolling if you care about UI Validation Topic 1771495464617", "id": "1e04f4a1-ad98-4c2c-b026-007746eacc48", "predicted_retention": 0.78, "tone": "pattern_interrupt"}, {"body": "Set up the problem, tease the missing piece, reveal it with a quick before/after.", "cta": "Save this for your next post.", "hook": "The biggest mistake creators make about UI Validation Topic 1771495464617", "id": "7c11741e-9922-412d-8634-45ef3188990f", "predicted_retention": 0.81, "tone": "curiosity_gap"}, {"body": "Use one proof point, one framework, then one tactical action viewers can apply today.", "cta": "Follow for weekly breakdowns.", "hook": "POV: You finally figured out UI Validation Topic 1771495464617", "id": "d191e64a-bd96-4d3f-a8d9-22041b52a3a8", "predicted_retention": 0.76, "tone": "authority_play"}], "selected_script_id": "1e04f4a1-ad98-4c2c-b026-007746eacc48", "target_platforms": ["youtube"], "token_usage": {"completion_tokens": 0, "prompt_tokens": 0, "total_tokens": 0}, "topic": "UI Validation Topic 1771495464617", "trend_data": {"audio_recommendations": ["trending_sound_stub_01", "original_audio"], "confidence": 0.84, "optimal_posting_window": "18:00-20:00 EST", "platform": "youtube", "primary_trend": "educational_hacks", "saturation_level": "medium", "source": "mock_static_json", "suggested_hooks": ["Stop scrolling if you care about UI Validation Topic 1771495464617", "The biggest mistake creators make about UI Validation Topic 1771495464617", "POV: You finally figured out UI Validation Topic 1771495464617"]}, "updated_ts": 1771495477, "user_id": "user_001", "workflow_id": "c4156fae-e38c-4a1d-b6ed-9621612b45c2"}, "channel_versions": {"__start__": 7, "analyze_trends": 4, "branch:entry_router:_route_from_entry:analyze_trends": 3, "branch:entry_router:_route_from_entry:human_gate_scripts": 9, "branch:human_gate_scripts:_route_after_human_gate:generate_scripts": 0, "brand_voice": 9, "created_ts": 9, "current_step": 9, "entry_router": 9, "errors": 9, "generate_scripts": 5, "human_approval_status": 9, "human_gate_scripts": 6, "script_variants": 9, "selected_script_id": 9, "start:entry_router": 8, "target_platforms": 9, "token_usage": 9, "topic": 9, "trend_data": 9, "updated_ts": 9, "user_id": 9, "workflow_id": 9}, "id": "1f10d7a6-5d87-631b-8007-76034ddda7e8", "ts": "2026-02-19T10:04:37.105129+00:00", "v": 1, "versions_seen": {"__start__": {"__start__": 7}, "analyze_trends": {"branch:entry_router:_route_from_entry:analyze_trends": 3}, "entry_router": {"start:entry_router": 8}, "finalize": {}, "generate_scripts": {"analyze_trends": 4, "branch:human_gate_scripts:_route_after_human_gate:generate_scripts": 0}, "human_gate_scripts": {"branch:entry_router:_route_from_entry:human_gate_scripts": 0, "generate_scripts": 5}}}', b'{"source": "loop", "step": 7, "writes": {"entry_router": {"brand_voice": "educational", "created_ts": 1771495465, "current_step": "awaiting_approval", "errors": [], "human_approval_status": {"scripts_approved": true, "scripts_rejected": false}, "script_variants": [{"body": "Most creators miss this: one concrete mistake in UI Validation Topic 1771495464617, then the fix in 3 steps.", "cta": "Comment \'fix\' and I will share the checklist.", "hook": "Stop scrolling if you care about UI Validation Topic 1771495464617", "id": "1e04f4a1-ad98-4c2c-b026-007746eacc48", "predicted_retention": 0.78, "tone": "pattern_interrupt"}, {"body": "Set up the problem, tease the missing piece, reveal it with a quick before/after.", "cta": "Save this for your next post.", "hook": "The biggest mistake creators make about UI Validation Topic 1771495464617", "id": "7c11741e-9922-412d-8634-45ef3188990f", "predicted_retention": 0.81, "tone": "curiosity_gap"}, {"body": "Use one proof point, one framework, then one tactical action viewers can apply today.", "cta": "Follow for weekly breakdowns.", "hook": "POV: You finally figured out UI Validation Topic 1771495464617", "id": "d191e64a-bd96-4d3f-a8d9-22041b52a3a8", "predicted_retention": 0.76, "tone": "authority_play"}], "selected_script_id": "1e04f4a1-ad98-4c2c-b026-007746eacc48", "target_platforms": ["youtube"], "token_usage": {"completion_tokens": 0, "prompt_tokens": 0, "total_tokens": 0}, "topic": "UI Validation Topic 1771495464617", "trend_data": {"audio_recommendations": ["trending_sound_stub_01", "original_audio"], "confidence": 0.84, "optimal_posting_window": "18:00-20:00 EST", "platform": "youtube", "primary_trend": "educational_hacks", "saturation_level": "medium", "source": "mock_static_json", "suggested_hooks": ["Stop scrolling if you care about UI Validation Topic 1771495464617", "The biggest mistake creators make about UI Validation Topic 1771495464617", "POV: You finally figured out UI Validation Topic 1771495464617"]}, "updated_ts": 1771495477, "user_id": "user_001", "workflow_id": "c4156fae-e38c-4a1d-b6ed-9621612b45c2"}}}')) completed
executing functools.partial(<built-in method commit of sqlite3.Connection object at 0x0000025F57F416C0>)
operation functools.partial(<built-in method commit of sqlite3.Connection object at 0x0000025F57F416C0>) completed
executing functools.partial(<built-in method execute of sqlite3.Connection object at 0x0000025F57F416C0>, 'INSERT OR REPLACE INTO checkpoints (thread_id, thread_ts, parent_ts, checkpoint, metadata) VALUES (?, ?, ?, ?, ?)', ('c4156fae-e38c-4a1d-b6ed-9621612b45c2', '1f10d7a6-5d90-6f7b-8008-dab579733aa9', '1f10d7a6-5d87-631b-8007-76034ddda7e8', b'{"channel_values": {"branch:human_gate_scripts:_route_after_human_gate:finalize": "human_gate_scripts", "brand_voice": "educational", "created_ts": 1771495465, "current_step": "approved", "errors": [], "human_approval_status": {"scripts_approved": true, "scripts_rejected": false}, "human_gate_scripts": "human_gate_scripts", "script_variants": [{"body": "Most creators miss this: one concrete mistake in UI Validation Topic 1771495464617, then the fix in 3 steps.", "cta": "Comment \'fix\' and I will share the checklist.", "hook": "Stop scrolling if you care about UI Validation Topic 1771495464617", "id": "1e04f4a1-ad98-4c2c-b026-007746eacc48", "predicted_retention": 0.78, "tone": "pattern_interrupt"}, {"body": "Set up the problem, tease the missing piece, reveal it with a quick before/after.", "cta": "Save this for your next post.", "hook": "The biggest mistake creators make about UI Validation Topic 1771495464617", "id": "7c11741e-9922-412d-8634-45ef3188990f", "predicted_retention": 0.81, "tone": "curiosity_gap"}, {"body": "Use one proof point, one framework, then one tactical action viewers can apply today.", "cta": "Follow for weekly breakdowns.", "hook": "POV: You finally figured out UI Validation Topic 1771495464617", "id": "d191e64a-bd96-4d3f-a8d9-22041b52a3a8", "predicted_retention": 0.76, "tone": "authority_play"}], "selected_script_id": "1e04f4a1-ad98-4c2c-b026-007746eacc48", "target_platforms": ["youtube"], "token_usage": {"completion_tokens": 0, "prompt_tokens": 0, "total_tokens": 0}, "topic": "UI Validation Topic 1771495464617", "trend_data": {"audio_recommendations": ["trending_sound_stub_01", "original_audio"], "confidence": 0.84, "optimal_posting_window": "18:00-20:00 EST", "platform": "youtube", "primary_trend": "educational_hacks", "saturation_level": "medium", "source": "mock_static_json", "suggested_hooks": ["Stop scrolling if you care about UI Validation Topic 1771495464617", "The biggest mistake creators make about UI Validation Topic 1771495464617", "POV: You finally figured out UI Validation Topic 1771495464617"]}, "updated_ts": 1771495477, "user_id": "user_001", "workflow_id": "c4156fae-e38c-4a1d-b6ed-9621612b45c2"}, "channel_versions": {"__start__": 7, "analyze_trends": 4, "branch:entry_router:_route_from_entry:analyze_trends": 3, "branch:entry_router:_route_from_entry:human_gate_scripts": 9, "branch:human_gate_scripts:_route_after_human_gate:finalize": 10, "branch:human_gate_scripts:_route_after_human_gate:generate_scripts": 0, "brand_voice": 10, "created_ts": 10, "current_step": 10, "entry_router": 9, "errors": 10, "generate_scripts": 5, "human_approval_status": 10, "human_gate_scripts": 10, "script_variants": 10, "selected_script_id": 10, "start:entry_router": 8, "target_platforms": 10, "token_usage": 10, "topic": 10, "trend_data": 10, "updated_ts": 10, "user_id": 10, "workflow_id": 10}, "id": "1f10d7a6-5d90-6f7b-8008-dab579733aa9", "ts": "2026-02-19T10:04:37.109132+00:00", "v": 1, "versions_seen": {"__start__": {"__start__": 7}, "analyze_trends": {"branch:entry_router:_route_from_entry:analyze_trends": 3}, "entry_router": {"start:entry_router": 8}, "finalize": {}, "generate_scripts": {"analyze_trends": 4, "branch:human_gate_scripts:_route_after_human_gate:generate_scripts": 0}, "human_gate_scripts": {"branch:entry_router:_route_from_entry:human_gate_scripts": 9, "generate_scripts": 5}}}', b'{"source": "loop", "step": 8, "writes": {"human_gate_scripts": {"brand_voice": "educational", "created_ts": 1771495465, "current_step": "approved", "errors": [], "human_approval_status": {"scripts_approved": true, "scripts_rejected": false}, "script_variants": [{"body": "Most creators miss this: one concrete mistake in UI Validation Topic 1771495464617, then the fix in 3 steps.", "cta": "Comment \'fix\' and I will share the checklist.", "hook": "Stop scrolling if you care about UI Validation Topic 1771495464617", "id": "1e04f4a1-ad98-4c2c-b026-007746eacc48", "predicted_retention": 0.78, "tone": "pattern_interrupt"}, {"body": "Set up the problem, tease the missing piece, reveal it with a quick before/after.", "cta": "Save this for your next post.", "hook": "The biggest mistake creators make about UI Validation Topic 1771495464617", "id": "7c11741e-9922-412d-8634-45ef3188990f", "predicted_retention": 0.81, "tone": "curiosity_gap"}, {"body": "Use one proof point, one framework, then one tactical action viewers can apply today.", "cta": "Follow for weekly breakdowns.", "hook": "POV: You finally figured out UI Validation Topic 1771495464617", "id": "d191e64a-bd96-4d3f-a8d9-22041b52a3a8", "predicted_retention": 0.76, "tone": "authority_play"}], "selected_script_id": "1e04f4a1-ad98-4c2c-b026-007746eacc48", "target_platforms": ["youtube"], "token_usage": {"completion_tokens": 0, "prompt_tokens": 0, "total_tokens": 0}, "topic": "UI Validation Topic 1771495464617", "trend_data": {"audio_recommendations": ["trending_sound_stub_01", "original_audio"], "confidence": 0.84, "optimal_posting_window": "18:00-20:00 EST", "platform": "youtube", "primary_trend": "educational_hacks", "saturation_level": "medium", "source": "mock_static_json", "suggested_hooks": ["Stop scrolling if you care about UI Validation Topic 1771495464617", "The biggest mistake creators make about UI Validation Topic 1771495464617", "POV: You finally figured out UI Validation Topic 1771495464617"]}, "updated_ts": 1771495477, "user_id": "user_001", "workflow_id": "c4156fae-e38c-4a1d-b6ed-9621612b45c2"}}}'))
operation functools.partial(<built-in method execute of sqlite3.Connection object at 0x0000025F57F416C0>, 'INSERT OR REPLACE INTO checkpoints (thread_id, thread_ts, parent_ts, checkpoint, metadata) VALUES (?, ?, ?, ?, ?)', ('c4156fae-e38c-4a1d-b6ed-9621612b45c2', '1f10d7a6-5d90-6f7b-8008-dab579733aa9', '1f10d7a6-5d87-631b-8007-76034ddda7e8', b'{"channel_values": {"branch:human_gate_scripts:_route_after_human_gate:finalize": "human_gate_scripts", "brand_voice": "educational", "created_ts": 1771495465, "current_step": "approved", "errors": [], "human_approval_status": {"scripts_approved": true, "scripts_rejected": false}, "human_gate_scripts": "human_gate_scripts", "script_variants": [{"body": "Most creators miss this: one concrete mistake in UI Validation Topic 1771495464617, then the fix in 3 steps.", "cta": "Comment \'fix\' and I will share the checklist.", "hook": "Stop scrolling if you care about UI Validation Topic 1771495464617", "id": "1e04f4a1-ad98-4c2c-b026-007746eacc48", "predicted_retention": 0.78, "tone": "pattern_interrupt"}, {"body": "Set up the problem, tease the missing piece, reveal it with a quick before/after.", "cta": "Save this for your next post.", "hook": "The biggest mistake creators make about UI Validation Topic 1771495464617", "id": "7c11741e-9922-412d-8634-45ef3188990f", "predicted_retention": 0.81, "tone": "curiosity_gap"}, {"body": "Use one proof point, one framework, then one tactical action viewers can apply today.", "cta": "Follow for weekly breakdowns.", "hook": "POV: You finally figured out UI Validation Topic 1771495464617", "id": "d191e64a-bd96-4d3f-a8d9-22041b52a3a8", "predicted_retention": 0.76, "tone": "authority_play"}], "selected_script_id": "1e04f4a1-ad98-4c2c-b026-007746eacc48", "target_platforms": ["youtube"], "token_usage": {"completion_tokens": 0, "prompt_tokens": 0, "total_tokens": 0}, "topic": "UI Validation Topic 1771495464617", "trend_data": {"audio_recommendations": ["trending_sound_stub_01", "original_audio"], "confidence": 0.84, "optimal_posting_window": "18:00-20:00 EST", "platform": "youtube", "primary_trend": "educational_hacks", "saturation_level": "medium", "source": "mock_static_json", "suggested_hooks": ["Stop scrolling if you care about UI Validation Topic 1771495464617", "The biggest mistake creators make about UI Validation Topic 1771495464617", "POV: You finally figured out UI Validation Topic 1771495464617"]}, "updated_ts": 1771495477, "user_id": "user_001", "workflow_id": "c4156fae-e38c-4a1d-b6ed-9621612b45c2"}, "channel_versions": {"__start__": 7, "analyze_trends": 4, "branch:entry_router:_route_from_entry:analyze_trends": 3, "branch:entry_router:_route_from_entry:human_gate_scripts": 9, "branch:human_gate_scripts:_route_after_human_gate:finalize": 10, "branch:human_gate_scripts:_route_after_human_gate:generate_scripts": 0, "brand_voice": 10, "created_ts": 10, "current_step": 10, "entry_router": 9, "errors": 10, "generate_scripts": 5, "human_approval_status": 10, "human_gate_scripts": 10, "script_variants": 10, "selected_script_id": 10, "start:entry_router": 8, "target_platforms": 10, "token_usage": 10, "topic": 10, "trend_data": 10, "updated_ts": 10, "user_id": 10, "workflow_id": 10}, "id": "1f10d7a6-5d90-6f7b-8008-dab579733aa9", "ts": "2026-02-19T10:04:37.109132+00:00", "v": 1, "versions_seen": {"__start__": {"__start__": 7}, "analyze_trends": {"branch:entry_router:_route_from_entry:analyze_trends": 3}, "entry_router": {"start:entry_router": 8}, "finalize": {}, "generate_scripts": {"analyze_trends": 4, "branch:human_gate_scripts:_route_after_human_gate:generate_scripts": 0}, "human_gate_scripts": {"branch:entry_router:_route_from_entry:human_gate_scripts": 9, "generate_scripts": 5}}}', b'{"source": "loop", "step": 8, "writes": {"human_gate_scripts": {"brand_voice": "educational", "created_ts": 1771495465, "current_step": "approved", "errors": [], "human_approval_status": {"scripts_approved": true, "scripts_rejected": false}, "script_variants": [{"body": "Most creators miss this: one concrete mistake in UI Validation Topic 1771495464617, then the fix in 3 steps.", "cta": "Comment \'fix\' and I will share the checklist.", "hook": "Stop scrolling if you care about UI Validation Topic 1771495464617", "id": "1e04f4a1-ad98-4c2c-b026-007746eacc48", "predicted_retention": 0.78, "tone": "pattern_interrupt"}, {"body": "Set up the problem, tease the missing piece, reveal it with a quick before/after.", "cta": "Save this for your next post.", "hook": "The biggest mistake creators make about UI Validation Topic 1771495464617", "id": "7c11741e-9922-412d-8634-45ef3188990f", "predicted_retention": 0.81, "tone": "curiosity_gap"}, {"body": "Use one proof point, one framework, then one tactical action viewers can apply today.", "cta": "Follow for weekly breakdowns.", "hook": "POV: You finally figured out UI Validation Topic 1771495464617", "id": "d191e64a-bd96-4d3f-a8d9-22041b52a3a8", "predicted_retention": 0.76, "tone": "authority_play"}], "selected_script_id": "1e04f4a1-ad98-4c2c-b026-007746eacc48", "target_platforms": ["youtube"], "token_usage": {"completion_tokens": 0, "prompt_tokens": 0, "total_tokens": 0}, "topic": "UI Validation Topic 1771495464617", "trend_data": {"audio_recommendations": ["trending_sound_stub_01", "original_audio"], "confidence": 0.84, "optimal_posting_window": "18:00-20:00 EST", "platform": "youtube", "primary_trend": "educational_hacks", "saturation_level": "medium", "source": "mock_static_json", "suggested_hooks": ["Stop scrolling if you care about UI Validation Topic 1771495464617", "The biggest mistake creators make about UI Validation Topic 1771495464617", "POV: You finally figured out UI Validation Topic 1771495464617"]}, "updated_ts": 1771495477, "user_id": "user_001", "workflow_id": "c4156fae-e38c-4a1d-b6ed-9621612b45c2"}}}')) completed
executing functools.partial(<built-in method execute of sqlite3.Connection object at 0x0000025F57F416C0>, 'INSERT OR REPLACE INTO checkpoints (thread_id, thread_ts, parent_ts, checkpoint, metadata) VALUES (?, ?, ?, ?, ?)', ('c4156fae-e38c-4a1d-b6ed-9621612b45c2', '1f10d7a6-5d95-6da1-8009-ba84fc203db7', '1f10d7a6-5d90-6f7b-8008-dab579733aa9', b'{"channel_values": {"brand_voice": "educational", "created_ts": 1771495465, "current_step": "completed", "errors": [], "finalize": "finalize", "human_approval_status": {"scripts_approved": true, "scripts_rejected": false}, "script_variants": [{"body": "Most creators miss this: one concrete mistake in UI Validation Topic 1771495464617, then the fix in 3 steps.", "cta": "Comment \'fix\' and I will share the checklist.", "hook": "Stop scrolling if you care about UI Validation Topic 1771495464617", "id": "1e04f4a1-ad98-4c2c-b026-007746eacc48", "predicted_retention": 0.78, "tone": "pattern_interrupt"}, {"body": "Set up the problem, tease the missing piece, reveal it with a quick before/after.", "cta": "Save this for your next post.", "hook": "The biggest mistake creators make about UI Validation Topic 1771495464617", "id": "7c11741e-9922-412d-8634-45ef3188990f", "predicted_retention": 0.81, "tone": "curiosity_gap"}, {"body": "Use one proof point, one framework, then one tactical action viewers can apply today.", "cta": "Follow for weekly breakdowns.", "hook": "POV: You finally figured out UI Validation Topic 1771495464617", "id": "d191e64a-bd96-4d3f-a8d9-22041b52a3a8", "predicted_retention": 0.76, "tone": "authority_play"}], "selected_script_id": "1e04f4a1-ad98-4c2c-b026-007746eacc48", "target_platforms": ["youtube"], "token_usage": {"completion_tokens": 0, "prompt_tokens": 0, "total_tokens": 0}, "topic": "UI Validation Topic 1771495464617", "trend_data": {"audio_recommendations": ["trending_sound_stub_01", "original_audio"], "confidence": 0.84, "optimal_posting_window": "18:00-20:00 EST", "platform": "youtube", "primary_trend": "educational_hacks", "saturation_level": "medium", "source": "mock_static_json", "suggested_hooks": ["Stop scrolling if you care about UI Validation Topic 1771495464617", "The biggest mistake creators make about UI Validation Topic 1771495464617", "POV: You finally figured out UI Validation Topic 1771495464617"]}, "updated_ts": 1771495477, "user_id": "user_001", "workflow_id": "c4156fae-e38c-4a1d-b6ed-9621612b45c2"}, "channel_versions": {"__start__": 7, "analyze_trends": 4, "branch:entry_router:_route_from_entry:analyze_trends": 3, "branch:entry_router:_route_from_entry:human_gate_scripts": 9, "branch:human_gate_scripts:_route_after_human_gate:finalize": 10, "branch:human_gate_scripts:_route_after_human_gate:generate_scripts": 0, "brand_voice": 11, "created_ts": 11, "current_step": 11, "entry_router": 9, "errors": 11, "finalize": 11, "generate_scripts": 5, "human_approval_status": 11, "human_gate_scripts": 10, "script_variants": 11, "selected_script_id": 11, "start:entry_router": 8, "target_platforms": 11, "token_usage": 11, "topic": 11, "trend_data": 11, "updated_ts": 11, "user_id": 11, "workflow_id": 11}, "id": "1f10d7a6-5d95-6da1-8009-ba84fc203db7", "ts": "2026-02-19T10:04:37.111132+00:00", "v": 1, "versions_seen": {"__start__": {"__start__": 7}, "analyze_trends": {"branch:entry_router:_route_from_entry:analyze_trends": 3}, "entry_router": {"start:entry_router": 8}, "finalize": {"branch:human_gate_scripts:_route_after_human_gate:finalize": 10}, "generate_scripts": {"analyze_trends": 4, "branch:human_gate_scripts:_route_after_human_gate:generate_scripts": 0}, "human_gate_scripts": {"branch:entry_router:_route_from_entry:human_gate_scripts": 9, "generate_scripts": 5}}}', b'{"source": "loop", "step": 9, "writes": {"finalize": {"brand_voice": "educational", "created_ts": 1771495465, "current_step": "completed", "errors": [], "human_approval_status": {"scripts_approved": true, "scripts_rejected": false}, "script_variants": [{"body": "Most creators miss this: one concrete mistake in UI Validation Topic 1771495464617, then the fix in 3 steps.", "cta": "Comment \'fix\' and I will share the checklist.", "hook": "Stop scrolling if you care about UI Validation Topic 1771495464617", "id": "1e04f4a1-ad98-4c2c-b026-007746eacc48", "predicted_retention": 0.78, "tone": "pattern_interrupt"}, {"body": "Set up the problem, tease the missing piece, reveal it with a quick before/after.", "cta": "Save this for your next post.", "hook": "The biggest mistake creators make about UI Validation Topic 1771495464617", "id": "7c11741e-9922-412d-8634-45ef3188990f", "predicted_retention": 0.81, "tone": "curiosity_gap"}, {"body": "Use one proof point, one framework, then one tactical action viewers can apply today.", "cta": "Follow for weekly breakdowns.", "hook": "POV: You finally figured out UI Validation Topic 1771495464617", "id": "d191e64a-bd96-4d3f-a8d9-22041b52a3a8", "predicted_retention": 0.76, "tone": "authority_play"}], "selected_script_id": "1e04f4a1-ad98-4c2c-b026-007746eacc48", "target_platforms": ["youtube"], "token_usage": {"completion_tokens": 0, "prompt_tokens": 0, "total_tokens": 0}, "topic": "UI Validation Topic 1771495464617", "trend_data": {"audio_recommendations": ["trending_sound_stub_01", "original_audio"], "confidence": 0.84, "optimal_posting_window": "18:00-20:00 EST", "platform": "youtube", "primary_trend": "educational_hacks", "saturation_level": "medium", "source": "mock_static_json", "suggested_hooks": ["Stop scrolling if you care about UI Validation Topic 1771495464617", "The biggest mistake creators make about UI Validation Topic 1771495464617", "POV: You finally figured out UI Validation Topic 1771495464617"]}, "updated_ts": 1771495477, "user_id": "user_001", "workflow_id": "c4156fae-e38c-4a1d-b6ed-9621612b45c2"}}}'))
operation functools.partial(<built-in method execute of sqlite3.Connection object at 0x0000025F57F416C0>, 'INSERT OR REPLACE INTO checkpoints (thread_id, thread_ts, parent_ts, checkpoint, metadata) VALUES (?, ?, ?, ?, ?)', ('c4156fae-e38c-4a1d-b6ed-9621612b45c2', '1f10d7a6-5d95-6da1-8009-ba84fc203db7', '1f10d7a6-5d90-6f7b-8008-dab579733aa9', b'{"channel_values": {"brand_voice": "educational", "created_ts": 1771495465, "current_step": "completed", "errors": [], "finalize": "finalize", "human_approval_status": {"scripts_approved": true, "scripts_rejected": false}, "script_variants": [{"body": "Most creators miss this: one concrete mistake in UI Validation Topic 1771495464617, then the fix in 3 steps.", "cta": "Comment \'fix\' and I will share the checklist.", "hook": "Stop scrolling if you care about UI Validation Topic 1771495464617", "id": "1e04f4a1-ad98-4c2c-b026-007746eacc48", "predicted_retention": 0.78, "tone": "pattern_interrupt"}, {"body": "Set up the problem, tease the missing piece, reveal it with a quick before/after.", "cta": "Save this for your next post.", "hook": "The biggest mistake creators make about UI Validation Topic 1771495464617", "id": "7c11741e-9922-412d-8634-45ef3188990f", "predicted_retention": 0.81, "tone": "curiosity_gap"}, {"body": "Use one proof point, one framework, then one tactical action viewers can apply today.", "cta": "Follow for weekly breakdowns.", "hook": "POV: You finally figured out UI Validation Topic 1771495464617", "id": "d191e64a-bd96-4d3f-a8d9-22041b52a3a8", "predicted_retention": 0.76, "tone": "authority_play"}], "selected_script_id": "1e04f4a1-ad98-4c2c-b026-007746eacc48", "target_platforms": ["youtube"], "token_usage": {"completion_tokens": 0, "prompt_tokens": 0, "total_tokens": 0}, "topic": "UI Validation Topic 1771495464617", "trend_data": {"audio_recommendations": ["trending_sound_stub_01", "original_audio"], "confidence": 0.84, "optimal_posting_window": "18:00-20:00 EST", "platform": "youtube", "primary_trend": "educational_hacks", "saturation_level": "medium", "source": "mock_static_json", "suggested_hooks": ["Stop scrolling if you care about UI Validation Topic 1771495464617", "The biggest mistake creators make about UI Validation Topic 1771495464617", "POV: You finally figured out UI Validation Topic 1771495464617"]}, "updated_ts": 1771495477, "user_id": "user_001", "workflow_id": "c4156fae-e38c-4a1d-b6ed-9621612b45c2"}, "channel_versions": {"__start__": 7, "analyze_trends": 4, "branch:entry_router:_route_from_entry:analyze_trends": 3, "branch:entry_router:_route_from_entry:human_gate_scripts": 9, "branch:human_gate_scripts:_route_after_human_gate:finalize": 10, "branch:human_gate_scripts:_route_after_human_gate:generate_scripts": 0, "brand_voice": 11, "created_ts": 11, "current_step": 11, "entry_router": 9, "errors": 11, "finalize": 11, "generate_scripts": 5, "human_approval_status": 11, "human_gate_scripts": 10, "script_variants": 11, "selected_script_id": 11, "start:entry_router": 8, "target_platforms": 11, "token_usage": 11, "topic": 11, "trend_data": 11, "updated_ts": 11, "user_id": 11, "workflow_id": 11}, "id": "1f10d7a6-5d95-6da1-8009-ba84fc203db7", "ts": "2026-02-19T10:04:37.111132+00:00", "v": 1, "versions_seen": {"__start__": {"__start__": 7}, "analyze_trends": {"branch:entry_router:_route_from_entry:analyze_trends": 3}, "entry_router": {"start:entry_router": 8}, "finalize": {"branch:human_gate_scripts:_route_after_human_gate:finalize": 10}, "generate_scripts": {"analyze_trends": 4, "branch:human_gate_scripts:_route_after_human_gate:generate_scripts": 0}, "human_gate_scripts": {"branch:entry_router:_route_from_entry:human_gate_scripts": 9, "generate_scripts": 5}}}', b'{"source": "loop", "step": 9, "writes": {"finalize": {"brand_voice": "educational", "created_ts": 1771495465, "current_step": "completed", "errors": [], "human_approval_status": {"scripts_approved": true, "scripts_rejected": false}, "script_variants": [{"body": "Most creators miss this: one concrete mistake in UI Validation Topic 1771495464617, then the fix in 3 steps.", "cta": "Comment \'fix\' and I will share the checklist.", "hook": "Stop scrolling if you care about UI Validation Topic 1771495464617", "id": "1e04f4a1-ad98-4c2c-b026-007746eacc48", "predicted_retention": 0.78, "tone": "pattern_interrupt"}, {"body": "Set up the problem, tease the missing piece, reveal it with a quick before/after.", "cta": "Save this for your next post.", "hook": "The biggest mistake creators make about UI Validation Topic 1771495464617", "id": "7c11741e-9922-412d-8634-45ef3188990f", "predicted_retention": 0.81, "tone": "curiosity_gap"}, {"body": "Use one proof point, one framework, then one tactical action viewers can apply today.", "cta": "Follow for weekly breakdowns.", "hook": "POV: You finally figured out UI Validation Topic 1771495464617", "id": "d191e64a-bd96-4d3f-a8d9-22041b52a3a8", "predicted_retention": 0.76, "tone": "authority_play"}], "selected_script_id": "1e04f4a1-ad98-4c2c-b026-007746eacc48", "target_platforms": ["youtube"], "token_usage": {"completion_tokens": 0, "prompt_tokens": 0, "total_tokens": 0}, "topic": "UI Validation Topic 1771495464617", "trend_data": {"audio_recommendations": ["trending_sound_stub_01", "original_audio"], "confidence": 0.84, "optimal_posting_window": "18:00-20:00 EST", "platform": "youtube", "primary_trend": "educational_hacks", "saturation_level": "medium", "source": "mock_static_json", "suggested_hooks": ["Stop scrolling if you care about UI Validation Topic 1771495464617", "The biggest mistake creators make about UI Validation Topic 1771495464617", "POV: You finally figured out UI Validation Topic 1771495464617"]}, "updated_ts": 1771495477, "user_id": "user_001", "workflow_id": "c4156fae-e38c-4a1d-b6ed-9621612b45c2"}}}')) completed
executing functools.partial(<built-in method close of sqlite3.Cursor object at 0x0000025F57F06640>)
operation functools.partial(<built-in method close of sqlite3.Cursor object at 0x0000025F57F06640>) completed
executing functools.partial(<built-in method commit of sqlite3.Connection object at 0x0000025F57F416C0>)
operation functools.partial(<built-in method commit of sqlite3.Connection object at 0x0000025F57F416C0>) completed
executing functools.partial(<built-in method close of sqlite3.Cursor object at 0x0000025F57FA5240>)
operation functools.partial(<built-in method close of sqlite3.Cursor object at 0x0000025F57FA5240>) completed
executing functools.partial(<built-in method commit of sqlite3.Connection object at 0x0000025F57F416C0>)
operation functools.partial(<built-in method commit of sqlite3.Connection object at 0x0000025F57F416C0>) completed
executing functools.partial(<built-in method commit of sqlite3.Connection object at 0x0000025F57F416C0>)
operation functools.partial(<built-in method commit of sqlite3.Connection object at 0x0000025F57F416C0>) completed
executing functools.partial(<built-in method close of sqlite3.Cursor object at 0x0000025F57FA4CC0>)
operation functools.partial(<built-in method close of sqlite3.Cursor object at 0x0000025F57FA4CC0>) completed
executing functools.partial(<built-in method close of sqlite3.Cursor object at 0x0000025F57FA5D40>)
operation functools.partial(<built-in method close of sqlite3.Cursor object at 0x0000025F57FA5D40>) completed
executing functools.partial(<built-in method close of sqlite3.Cursor object at 0x0000025F57FA5340>)
operation functools.partial(<built-in method close of sqlite3.Cursor object at 0x0000025F57FA5340>) completed
executing functools.partial(<built-in method cursor of sqlite3.Connection object at 0x0000025F57E94400>)
operation functools.partial(<built-in method cursor of sqlite3.Connection object at 0x0000025F57E94400>) completed
executing functools.partial(<built-in method execute of sqlite3.Cursor object at 0x0000025F57E9EC40>, 'UPDATE workflows SET status=?, state_snapshot=?, updated_ts=? WHERE workflows.id = ?', ('completed', '{"workflow_id": "c4156fae-e38c-4a1d-b6ed-9621612b45c2", "user_id": "user_001", "topic": "UI Validation Topic 1771495464617", "target_platforms": ["youtube"], "brand_voice": "educational", "trend_data": {"primary_trend": "educational_hacks", "confidence": 0.84, "suggested_hooks": ["Stop scrolling if you care about UI Validation Topic 1771495464617", "The biggest mistake creators make about UI Validation Topic 1771495464617", "POV: You finally figured out UI Validation Topic 1771495464617"], "audio_recommendations": ["trending_sound_stub_01", "original_audio"], "saturation_level": "medium", "optimal_posting_window": "18:00-20:00 EST", "platform": "youtube", "source": "mock_static_json"}, "script_variants": [{"id": "1e04f4a1-ad98-4c2c-b026-007746eacc48", "tone": "pattern_interrupt", "hook": "Stop scrolling if you care about UI Validation Topic 1771495464617", "body": "Most creators miss this: one concrete mistake in UI Validation Topic 1771495464617, then the fix in 3 steps.", "cta": "Comment \'fix\' and I will share the checklist.", "predicted_retention": 0.78}, {"id": "7c11741e-9922-412d-8634-45ef3188990f", "tone": "curiosity_gap", "hook": "The biggest mistake creators make about UI Validation Topic 1771495464617", "body": "Set up the problem, tease the missing piece, reveal it with a quick before/after.", "cta": "Save this for your next post.", "predicted_retention": 0.81}, {"id": "d191e64a-bd96-4d3f-a8d9-22041b52a3a8", "tone": "authority_play", "hook": "POV: You finally figured out UI Validation Topic 1771495464617", "body": "Use one proof point, one framework, then one tactical action viewers can apply today.", "cta": "Follow for weekly breakdowns.", "predicted_retention": 0.76}], "selected_script_id": "1e04f4a1-ad98-4c2c-b026-007746eacc48", "current_step": "completed", "human_approval_status": {"scripts_approved": true, "scripts_rejected": false}, "token_usage": {"prompt_tokens": 0, "completion_tokens": 0, "total_tokens": 0}, "errors": [], "created_ts": 1771495465, "updated_ts": 1771495477}', 1771495477, 'c4156fae-e38c-4a1d-b6ed-9621612b45c2'))
operation functools.partial(<built-in method execute of sqlite3.Cursor object at 0x0000025F57E9EC40>, 'UPDATE workflows SET status=?, state_snapshot=?, updated_ts=? WHERE workflows.id = ?', ('completed', '{"workflow_id": "c4156fae-e38c-4a1d-b6ed-9621612b45c2", "user_id": "user_001", "topic": "UI Validation Topic 1771495464617", "target_platforms": ["youtube"], "brand_voice": "educational", "trend_data": {"primary_trend": "educational_hacks", "confidence": 0.84, "suggested_hooks": ["Stop scrolling if you care about UI Validation Topic 1771495464617", "The biggest mistake creators make about UI Validation Topic 1771495464617", "POV: You finally figured out UI Validation Topic 1771495464617"], "audio_recommendations": ["trending_sound_stub_01", "original_audio"], "saturation_level": "medium", "optimal_posting_window": "18:00-20:00 EST", "platform": "youtube", "source": "mock_static_json"}, "script_variants": [{"id": "1e04f4a1-ad98-4c2c-b026-007746eacc48", "tone": "pattern_interrupt", "hook": "Stop scrolling if you care about UI Validation Topic 1771495464617", "body": "Most creators miss this: one concrete mistake in UI Validation Topic 1771495464617, then the fix in 3 steps.", "cta": "Comment \'fix\' and I will share the checklist.", "predicted_retention": 0.78}, {"id": "7c11741e-9922-412d-8634-45ef3188990f", "tone": "curiosity_gap", "hook": "The biggest mistake creators make about UI Validation Topic 1771495464617", "body": "Set up the problem, tease the missing piece, reveal it with a quick before/after.", "cta": "Save this for your next post.", "predicted_retention": 0.81}, {"id": "d191e64a-bd96-4d3f-a8d9-22041b52a3a8", "tone": "authority_play", "hook": "POV: You finally figured out UI Validation Topic 1771495464617", "body": "Use one proof point, one framework, then one tactical action viewers can apply today.", "cta": "Follow for weekly breakdowns.", "predicted_retention": 0.76}], "selected_script_id": "1e04f4a1-ad98-4c2c-b026-007746eacc48", "current_step": "completed", "human_approval_status": {"scripts_approved": true, "scripts_rejected": false}, "token_usage": {"prompt_tokens": 0, "completion_tokens": 0, "total_tokens": 0}, "errors": [], "created_ts": 1771495465, "updated_ts": 1771495477}', 1771495477, 'c4156fae-e38c-4a1d-b6ed-9621612b45c2')) completed
executing functools.partial(<built-in method close of sqlite3.Cursor object at 0x0000025F57E9EC40>)
operation functools.partial(<built-in method close of sqlite3.Cursor object at 0x0000025F57E9EC40>) completed
executing functools.partial(<built-in method commit of sqlite3.Connection object at 0x0000025F57E94400>)
operation functools.partial(<built-in method commit of sqlite3.Connection object at 0x0000025F57E94400>) completed
executing functools.partial(<built-in method rollback of sqlite3.Connection object at 0x0000025F57E94400>)
operation functools.partial(<built-in method rollback of sqlite3.Connection object at 0x0000025F57E94400>) completed
INFO:     ::1:54857 - "POST /api/v1/workflows/c4156fae-e38c-4a1d-b6ed-9621612b45c2/approve HTTP/1.1" 200 OK
executing functools.partial(<built-in method cursor of sqlite3.Connection object at 0x0000025F57E94400>)
operation functools.partial(<built-in method cursor of sqlite3.Connection object at 0x0000025F57E94400>) completed
executing functools.partial(<built-in method execute of sqlite3.Cursor object at 0x0000025F57BC6D40>, 'SELECT workflows.id, workflows.user_id, workflows.topic, workflows.target_platforms, workflows.status, workflows.state_snapshot, workflows.created_ts, workflows.updated_ts \nFROM workflows \nWHERE workflows.id = ?', ('c4156fae-e38c-4a1d-b6ed-9621612b45c2',))
operation functools.partial(<built-in method execute of sqlite3.Cursor object at 0x0000025F57BC6D40>, 'SELECT workflows.id, workflows.user_id, workflows.topic, workflows.target_platforms, workflows.status, workflows.state_snapshot, workflows.created_ts, workflows.updated_ts \nFROM workflows \nWHERE workflows.id = ?', ('c4156fae-e38c-4a1d-b6ed-9621612b45c2',)) completed
executing functools.partial(<built-in method fetchall of sqlite3.Cursor object at 0x0000025F57BC6D40>)
operation functools.partial(<built-in method fetchall of sqlite3.Cursor object at 0x0000025F57BC6D40>) completed
executing functools.partial(<built-in method close of sqlite3.Cursor object at 0x0000025F57BC6D40>)
operation functools.partial(<built-in method close of sqlite3.Cursor object at 0x0000025F57BC6D40>) completed
executing functools.partial(<built-in method rollback of sqlite3.Connection object at 0x0000025F57E94400>)
operation functools.partial(<built-in method rollback of sqlite3.Connection object at 0x0000025F57E94400>) completed
executing functools.partial(<built-in method rollback of sqlite3.Connection object at 0x0000025F57E94400>)
operation functools.partial(<built-in method rollback of sqlite3.Connection object at 0x0000025F57E94400>) completed
INFO:     ::1:54857 - "GET /api/v1/workflows/c4156fae-e38c-4a1d-b6ed-9621612b45c2/status HTTP/1.1" 200 OK
executing functools.partial(<built-in method cursor of sqlite3.Connection object at 0x0000025F57E94400>)
operation functools.partial(<built-in method cursor of sqlite3.Connection object at 0x0000025F57E94400>) completed
executing functools.partial(<built-in method execute of sqlite3.Cursor object at 0x0000025F57BC63C0>, 'SELECT workflows.id, workflows.user_id, workflows.topic, workflows.target_platforms, workflows.status, workflows.state_snapshot, workflows.created_ts, workflows.updated_ts \nFROM workflows \nWHERE workflows.id = ?', ('c4156fae-e38c-4a1d-b6ed-9621612b45c2',))
operation functools.partial(<built-in method execute of sqlite3.Cursor object at 0x0000025F57BC63C0>, 'SELECT workflows.id, workflows.user_id, workflows.topic, workflows.target_platforms, workflows.status, workflows.state_snapshot, workflows.created_ts, workflows.updated_ts \nFROM workflows \nWHERE workflows.id = ?', ('c4156fae-e38c-4a1d-b6ed-9621612b45c2',)) completed
executing functools.partial(<built-in method fetchall of sqlite3.Cursor object at 0x0000025F57BC63C0>)
operation functools.partial(<built-in method fetchall of sqlite3.Cursor object at 0x0000025F57BC63C0>) completed
executing functools.partial(<built-in method close of sqlite3.Cursor object at 0x0000025F57BC63C0>)
operation functools.partial(<built-in method close of sqlite3.Cursor object at 0x0000025F57BC63C0>) completed
executing functools.partial(<built-in method rollback of sqlite3.Connection object at 0x0000025F57E94400>)
operation functools.partial(<built-in method rollback of sqlite3.Connection object at 0x0000025F57E94400>) completed
executing functools.partial(<built-in method rollback of sqlite3.Connection object at 0x0000025F57E94400>)
operation functools.partial(<built-in method rollback of sqlite3.Connection object at 0x0000025F57E94400>) completed
INFO:     ::1:54857 - "GET /api/v1/workflows/c4156fae-e38c-4a1d-b6ed-9621612b45c2/status HTTP/1.1" 200 OK
executing functools.partial(<built-in method cursor of sqlite3.Connection object at 0x0000025F57E94400>)
operation functools.partial(<built-in method cursor of sqlite3.Connection object at 0x0000025F57E94400>) completed
executing functools.partial(<built-in method execute of sqlite3.Cursor object at 0x0000025F57BC66C0>, 'SELECT workflows.id, workflows.user_id, workflows.topic, workflows.target_platforms, workflows.status, workflows.state_snapshot, workflows.created_ts, workflows.updated_ts \nFROM workflows ORDER BY workflows.updated_ts DESC', ())
operation functools.partial(<built-in method execute of sqlite3.Cursor object at 0x0000025F57BC66C0>, 'SELECT workflows.id, workflows.user_id, workflows.topic, workflows.target_platforms, workflows.status, workflows.state_snapshot, workflows.created_ts, workflows.updated_ts \nFROM workflows ORDER BY workflows.updated_ts DESC', ()) completed
executing functools.partial(<built-in method fetchall of sqlite3.Cursor object at 0x0000025F57BC66C0>)
operation functools.partial(<built-in method fetchall of sqlite3.Cursor object at 0x0000025F57BC66C0>) completed
executing functools.partial(<built-in method close of sqlite3.Cursor object at 0x0000025F57BC66C0>)
operation functools.partial(<built-in method close of sqlite3.Cursor object at 0x0000025F57BC66C0>) completed
executing functools.partial(<built-in method rollback of sqlite3.Connection object at 0x0000025F57E94400>)
operation functools.partial(<built-in method rollback of sqlite3.Connection object at 0x0000025F57E94400>) completed
executing functools.partial(<built-in method rollback of sqlite3.Connection object at 0x0000025F57E94400>)
operation functools.partial(<built-in method rollback of sqlite3.Connection object at 0x0000025F57E94400>) completed
INFO:     ::1:50865 - "GET /api/v1/workflows HTTP/1.1" 200 OK
INFO:     ::1:58858 - "GET /api/v1/health HTTP/1.1" 200 OK
executing functools.partial(<built-in method cursor of sqlite3.Connection object at 0x0000025F57E94400>)
operation functools.partial(<built-in method cursor of sqlite3.Connection object at 0x0000025F57E94400>) completed
executing functools.partial(<built-in method execute of sqlite3.Cursor object at 0x0000025F57BC5540>, 'SELECT workflows.id, workflows.user_id, workflows.topic, workflows.target_platforms, workflows.status, workflows.state_snapshot, workflows.created_ts, workflows.updated_ts \nFROM workflows ORDER BY workflows.updated_ts DESC', ())
operation functools.partial(<built-in method execute of sqlite3.Cursor object at 0x0000025F57BC5540>, 'SELECT workflows.id, workflows.user_id, workflows.topic, workflows.target_platforms, workflows.status, workflows.state_snapshot, workflows.created_ts, workflows.updated_ts \nFROM workflows ORDER BY workflows.updated_ts DESC', ()) completed
executing functools.partial(<built-in method fetchall of sqlite3.Cursor object at 0x0000025F57BC5540>)
operation functools.partial(<built-in method fetchall of sqlite3.Cursor object at 0x0000025F57BC5540>) completed
executing functools.partial(<built-in method close of sqlite3.Cursor object at 0x0000025F57BC5540>)
operation functools.partial(<built-in method close of sqlite3.Cursor object at 0x0000025F57BC5540>) completed
executing functools.partial(<built-in method rollback of sqlite3.Connection object at 0x0000025F57E94400>)
operation functools.partial(<built-in method rollback of sqlite3.Connection object at 0x0000025F57E94400>) completed
executing functools.partial(<built-in method rollback of sqlite3.Connection object at 0x0000025F57E94400>)
operation functools.partial(<built-in method rollback of sqlite3.Connection object at 0x0000025F57E94400>) completed
INFO:     ::1:62352 - "GET /api/v1/workflows HTTP/1.1" 200 OK
WARNING:  WatchFiles detected changes in 'app\models\state.py'. Reloading...
INFO:     Shutting down
INFO:     Waiting for application shutdown.
executing functools.partial(<built-in method close of sqlite3.Connection object at 0x0000025F57F416C0>)
operation functools.partial(<built-in method close of sqlite3.Connection object at 0x0000025F57F416C0>) completed
{"event": "shutdown", "level": "info", "timestamp": "2026-02-19T10:13:12.027705Z"}
INFO:     Application shutdown complete.
INFO:     Finished server process [46508]
WARNING:  WatchFiles detected changes in 'app\agents\visual_engineer.py', 'app\orchestration\workflow.py', 'app\core\config.py', 'app\agents\script_architect.py'. Reloading...
INFO:     Started server process [31920]
INFO:     Waiting for application startup.
{"database_url": "sqlite+aiosqlite:///../data/app.db", "event": "startup", "level": "info", "timestamp": "2026-02-19T10:13:14.867705Z"}
executing <function connect.<locals>.connector at 0x000002B9901DB240>
operation <function connect.<locals>.connector at 0x000002B9901DB240> completed
ERROR:    Traceback (most recent call last):
  File "C:\Users\ashra\AppData\Local\Programs\Python\Python312\Lib\asyncio\runners.py", line 118, in run
    return self._loop.run_until_complete(task)
           ^^^^^^^^^^^^^^^^^^^^^^^^^^^^^^^^^^^
  File "C:\Users\ashra\AppData\Local\Programs\Python\Python312\Lib\asyncio\base_events.py", line 691, in run_until_complete
    return future.result()
           ^^^^^^^^^^^^^^^
  File "C:\Users\ashra\AppData\Local\Programs\Python\Python312\Lib\site-packages\uvicorn\server.py", line 79, in serve
    await self.startup(sockets=sockets)
  File "C:\Users\ashra\AppData\Local\Programs\Python\Python312\Lib\site-packages\uvicorn\server.py", line 90, in startup
    await self.lifespan.startup()
  File "C:\Users\ashra\AppData\Local\Programs\Python\Python312\Lib\site-packages\uvicorn\lifespan\on.py", line 54, in startup
    await self.startup_event.wait()
  File "C:\Users\ashra\AppData\Local\Programs\Python\Python312\Lib\asyncio\locks.py", line 212, in wait
    await fut
asyncio.exceptions.CancelledError

During handling of the above exception, another exception occurred:

Traceback (most recent call last):
  File "C:\Users\ashra\AppData\Local\Programs\Python\Python312\Lib\asyncio\runners.py", line 195, in run
    return runner.run(main)
           ^^^^^^^^^^^^^^^^
  File "C:\Users\ashra\AppData\Local\Programs\Python\Python312\Lib\asyncio\runners.py", line 123, in run
    raise KeyboardInterrupt()
KeyboardInterrupt

During handling of the above exception, another exception occurred:

Traceback (most recent call last):
  File "C:\Users\ashra\AppData\Local\Programs\Python\Python312\Lib\site-packages\starlette\routing.py", line 734, in lifespan
    async with self.lifespan_context(app) as maybe_state:
               ^^^^^^^^^^^^^^^^^^^^^^^^^^
  File "C:\Users\ashra\AppData\Local\Programs\Python\Python312\Lib\contextlib.py", line 210, in __aenter__
    return await anext(self.gen)
           ^^^^^^^^^^^^^^^^^^^^^
  File "D:\gravity\agent toolbox\creator-agent-toolbox\backend\app\main.py", line 22, in lifespan
    await init_db()
  File "D:\gravity\agent toolbox\creator-agent-toolbox\backend\app\models\database.py", line 30, in init_db
    async with engine.begin() as conn:
               ^^^^^^^^^^^^^^
  File "C:\Users\ashra\AppData\Local\Programs\Python\Python312\Lib\contextlib.py", line 210, in __aenter__
    return await anext(self.gen)
           ^^^^^^^^^^^^^^^^^^^^^
  File "C:\Users\ashra\AppData\Local\Programs\Python\Python312\Lib\site-packages\sqlalchemy\ext\asyncio\engine.py", line 1068, in begin
    async with conn:
               ^^^^
  File "C:\Users\ashra\AppData\Local\Programs\Python\Python312\Lib\site-packages\sqlalchemy\ext\asyncio\base.py", line 121, in __aenter__
    return await self.start(is_ctxmanager=True)
           ^^^^^^^^^^^^^^^^^^^^^^^^^^^^^^^^^^^^
  File "C:\Users\ashra\AppData\Local\Programs\Python\Python312\Lib\site-packages\sqlalchemy\ext\asyncio\engine.py", line 275, in start
    await greenlet_spawn(self.sync_engine.connect)
  File "C:\Users\ashra\AppData\Local\Programs\Python\Python312\Lib\site-packages\sqlalchemy\util\_concurrency_py3k.py", line 201, in greenlet_spawn
    result = context.throw(*sys.exc_info())
             ^^^^^^^^^^^^^^^^^^^^^^^^^^^^^^
  File "C:\Users\ashra\AppData\Local\Programs\Python\Python312\Lib\site-packages\sqlalchemy\engine\base.py", line 3285, in connect
    return self._connection_cls(self)
           ^^^^^^^^^^^^^^^^^^^^^^^^^^
  File "C:\Users\ashra\AppData\Local\Programs\Python\Python312\Lib\site-packages\sqlalchemy\engine\base.py", line 143, in __init__
    self._dbapi_connection = engine.raw_connection()
                             ^^^^^^^^^^^^^^^^^^^^^^^
  File "C:\Users\ashra\AppData\Local\Programs\Python\Python312\Lib\site-packages\sqlalchemy\engine\base.py", line 3309, in raw_connection
    return self.pool.connect()
           ^^^^^^^^^^^^^^^^^^^
  File "C:\Users\ashra\AppData\Local\Programs\Python\Python312\Lib\site-packages\sqlalchemy\pool\base.py", line 447, in connect
    return _ConnectionFairy._checkout(self)
           ^^^^^^^^^^^^^^^^^^^^^^^^^^^^^^^^
  File "C:\Users\ashra\AppData\Local\Programs\Python\Python312\Lib\site-packages\sqlalchemy\pool\base.py", line 1264, in _checkout
    fairy = _ConnectionRecord.checkout(pool)
            ^^^^^^^^^^^^^^^^^^^^^^^^^^^^^^^^
  File "C:\Users\ashra\AppData\Local\Programs\Python\Python312\Lib\site-packages\sqlalchemy\pool\base.py", line 711, in checkout
    rec = pool._do_get()
          ^^^^^^^^^^^^^^
  File "C:\Users\ashra\AppData\Local\Programs\Python\Python312\Lib\site-packages\sqlalchemy\pool\impl.py", line 177, in _do_get
    with util.safe_reraise():
         ^^^^^^^^^^^^^^^^^^^
  File "C:\Users\ashra\AppData\Local\Programs\Python\Python312\Lib\site-packages\sqlalchemy\util\langhelpers.py", line 224, in __exit__
    raise exc_value.with_traceback(exc_tb)
  File "C:\Users\ashra\AppData\Local\Programs\Python\Python312\Lib\site-packages\sqlalchemy\pool\impl.py", line 175, in _do_get
    return self._create_connection()
           ^^^^^^^^^^^^^^^^^^^^^^^^^
  File "C:\Users\ashra\AppData\Local\Programs\Python\Python312\Lib\site-packages\sqlalchemy\pool\base.py", line 388, in _create_connection
    return _ConnectionRecord(self)
           ^^^^^^^^^^^^^^^^^^^^^^^
  File "C:\Users\ashra\AppData\Local\Programs\Python\Python312\Lib\site-packages\sqlalchemy\pool\base.py", line 673, in __init__
    self.__connect()
  File "C:\Users\ashra\AppData\Local\Programs\Python\Python312\Lib\site-packages\sqlalchemy\pool\base.py", line 899, in __connect
    with util.safe_reraise():
         ^^^^^^^^^^^^^^^^^^^
  File "C:\Users\ashra\AppData\Local\Programs\Python\Python312\Lib\site-packages\sqlalchemy\util\langhelpers.py", line 224, in __exit__
    raise exc_value.with_traceback(exc_tb)
  File "C:\Users\ashra\AppData\Local\Programs\Python\Python312\Lib\site-packages\sqlalchemy\pool\base.py", line 895, in __connect
    self.dbapi_connection = connection = pool._invoke_creator(self)
                                         ^^^^^^^^^^^^^^^^^^^^^^^^^^
  File "C:\Users\ashra\AppData\Local\Programs\Python\Python312\Lib\site-packages\sqlalchemy\engine\create.py", line 661, in connect
    return dialect.connect(*cargs, **cparams)
           ^^^^^^^^^^^^^^^^^^^^^^^^^^^^^^^^^^
  File "C:\Users\ashra\AppData\Local\Programs\Python\Python312\Lib\site-packages\sqlalchemy\engine\default.py", line 630, in connect
    return self.loaded_dbapi.connect(*cargs, **cparams)  # type: ignore[no-any-return]  # NOQA: E501
           ^^^^^^^^^^^^^^^^^^^^^^^^^^^^^^^^^^^^^^^^^^^^
  File "C:\Users\ashra\AppData\Local\Programs\Python\Python312\Lib\site-packages\sqlalchemy\dialects\sqlite\aiosqlite.py", line 421, in connect
    await_only(connection),
    ^^^^^^^^^^^^^^^^^^^^^^
  File "C:\Users\ashra\AppData\Local\Programs\Python\Python312\Lib\site-packages\sqlalchemy\util\_concurrency_py3k.py", line 132, in await_only
    return current.parent.switch(awaitable)  # type: ignore[no-any-return,attr-defined] # noqa: E501
           ^^^^^^^^^^^^^^^^^^^^^^^^^^^^^^^^
  File "C:\Users\ashra\AppData\Local\Programs\Python\Python312\Lib\site-packages\sqlalchemy\util\_concurrency_py3k.py", line 196, in greenlet_spawn
    value = await result
            ^^^^^^^^^^^^
  File "C:\Users\ashra\AppData\Local\Programs\Python\Python312\Lib\site-packages\aiosqlite\core.py", line 141, in _connect
    self._connection = await future
                       ^^^^^^^^^^^^
asyncio.exceptions.CancelledError

Process SpawnProcess-2:
Traceback (most recent call last):
  File "C:\Users\ashra\AppData\Local\Programs\Python\Python312\Lib\asyncio\runners.py", line 118, in run
    return self._loop.run_until_complete(task)
           ^^^^^^^^^^^^^^^^^^^^^^^^^^^^^^^^^^^
  File "C:\Users\ashra\AppData\Local\Programs\Python\Python312\Lib\asyncio\base_events.py", line 691, in run_until_complete
    return future.result()
           ^^^^^^^^^^^^^^^
  File "C:\Users\ashra\AppData\Local\Programs\Python\Python312\Lib\site-packages\uvicorn\server.py", line 79, in serve
    await self.startup(sockets=sockets)
  File "C:\Users\ashra\AppData\Local\Programs\Python\Python312\Lib\site-packages\uvicorn\server.py", line 90, in startup
    await self.lifespan.startup()
  File "C:\Users\ashra\AppData\Local\Programs\Python\Python312\Lib\site-packages\uvicorn\lifespan\on.py", line 54, in startup
    await self.startup_event.wait()
  File "C:\Users\ashra\AppData\Local\Programs\Python\Python312\Lib\asyncio\locks.py", line 212, in wait
    await fut
asyncio.exceptions.CancelledError

During handling of the above exception, another exception occurred:

Traceback (most recent call last):
  File "C:\Users\ashra\AppData\Local\Programs\Python\Python312\Lib\multiprocessing\process.py", line 314, in _bootstrap
    self.run()
  File "C:\Users\ashra\AppData\Local\Programs\Python\Python312\Lib\multiprocessing\process.py", line 108, in run
    self._target(*self._args, **self._kwargs)
  File "C:\Users\ashra\AppData\Local\Programs\Python\Python312\Lib\site-packages\uvicorn\_subprocess.py", line 78, in subprocess_started
    target(sockets=sockets)
  File "C:\Users\ashra\AppData\Local\Programs\Python\Python312\Lib\site-packages\uvicorn\server.py", line 62, in run
    return asyncio.run(self.serve(sockets=sockets))
           ^^^^^^^^^^^^^^^^^^^^^^^^^^^^^^^^^^^^^^^^
  File "C:\Users\ashra\AppData\Local\Programs\Python\Python312\Lib\asyncio\runners.py", line 195, in run
    return runner.run(main)
           ^^^^^^^^^^^^^^^^
  File "C:\Users\ashra\AppData\Local\Programs\Python\Python312\Lib\asyncio\runners.py", line 123, in run
    raise KeyboardInterrupt()
KeyboardInterrupt
INFO:     Started server process [56632]
INFO:     Waiting for application startup.
{"database_url": "sqlite+aiosqlite:///../data/app.db", "event": "startup", "level": "info", "timestamp": "2026-02-19T10:13:17.392000Z"}
executing <function connect.<locals>.connector at 0x00000216026B7100>
operation <function connect.<locals>.connector at 0x00000216026B7100> completed
executing functools.partial(<built-in method create_function of sqlite3.Connection object at 0x00000216026E45E0>, 'regexp', 2, <function SQLiteDialect_pysqlite.on_connect.<locals>.regexp at 0x0000021601334860>, deterministic=True)
operation functools.partial(<built-in method create_function of sqlite3.Connection object at 0x00000216026E45E0>, 'regexp', 2, <function SQLiteDialect_pysqlite.on_connect.<locals>.regexp at 0x0000021601334860>, deterministic=True) completed
executing functools.partial(<built-in method create_function of sqlite3.Connection object at 0x00000216026E45E0>, 'floor', 1, <built-in function floor>, deterministic=True)
operation functools.partial(<built-in method create_function of sqlite3.Connection object at 0x00000216026E45E0>, 'floor', 1, <built-in function floor>, deterministic=True) completed
executing functools.partial(<built-in method cursor of sqlite3.Connection object at 0x00000216026E45E0>)
operation functools.partial(<built-in method cursor of sqlite3.Connection object at 0x00000216026E45E0>) completed
executing functools.partial(<built-in method execute of sqlite3.Cursor object at 0x00000216026F0240>, 'PRAGMA read_uncommitted', [])
operation functools.partial(<built-in method execute of sqlite3.Cursor object at 0x00000216026F0240>, 'PRAGMA read_uncommitted', []) completed
executing functools.partial(<built-in method fetchall of sqlite3.Cursor object at 0x00000216026F0240>)
operation functools.partial(<built-in method fetchall of sqlite3.Cursor object at 0x00000216026F0240>) completed
executing functools.partial(<built-in method close of sqlite3.Cursor object at 0x00000216026F0240>)
operation functools.partial(<built-in method close of sqlite3.Cursor object at 0x00000216026F0240>) completed
executing functools.partial(<built-in method rollback of sqlite3.Connection object at 0x00000216026E45E0>)
operation functools.partial(<built-in method rollback of sqlite3.Connection object at 0x00000216026E45E0>) completed
executing functools.partial(<built-in method cursor of sqlite3.Connection object at 0x00000216026E45E0>)
operation functools.partial(<built-in method cursor of sqlite3.Connection object at 0x00000216026E45E0>) completed
executing functools.partial(<built-in method execute of sqlite3.Cursor object at 0x00000216026F01C0>, 'PRAGMA main.table_info("workflows")', ())
operation functools.partial(<built-in method execute of sqlite3.Cursor object at 0x00000216026F01C0>, 'PRAGMA main.table_info("workflows")', ()) completed
executing functools.partial(<built-in method fetchall of sqlite3.Cursor object at 0x00000216026F01C0>)
operation functools.partial(<built-in method fetchall of sqlite3.Cursor object at 0x00000216026F01C0>) completed
executing functools.partial(<built-in method close of sqlite3.Cursor object at 0x00000216026F01C0>)
operation functools.partial(<built-in method close of sqlite3.Cursor object at 0x00000216026F01C0>) completed
executing functools.partial(<built-in method commit of sqlite3.Connection object at 0x00000216026E45E0>)
operation functools.partial(<built-in method commit of sqlite3.Connection object at 0x00000216026E45E0>) completed
executing functools.partial(<built-in method rollback of sqlite3.Connection object at 0x00000216026E45E0>)
operation functools.partial(<built-in method rollback of sqlite3.Connection object at 0x00000216026E45E0>) completed
{"checkpoint": "../data/checkpoints.db", "event": "workflow_initialized", "level": "info", "timestamp": "2026-02-19T10:13:17.400529Z"}
INFO:     Application startup complete.
WARNING:  WatchFiles detected changes in 'app\api\v1\workflows.py'. Reloading...
INFO:     Shutting down
INFO:     Waiting for application shutdown.
{"event": "shutdown", "level": "info", "timestamp": "2026-02-19T10:17:41.300223Z"}
INFO:     Application shutdown complete.
INFO:     Finished server process [56632]
WARNING:  WatchFiles detected changes in 'tests\test_workflow.py'. Reloading...
INFO:     Started server process [11876]
INFO:     Waiting for application startup.
{"database_url": "sqlite+aiosqlite:///../data/app.db", "event": "startup", "level": "info", "timestamp": "2026-02-19T10:17:43.788975Z"}
executing <function connect.<locals>.connector at 0x000001AE7D0A7880>
operation <function connect.<locals>.connector at 0x000001AE7D0A7880> completed
ERROR:    Traceback (most recent call last):
  File "C:\Users\ashra\AppData\Local\Programs\Python\Python312\Lib\asyncio\runners.py", line 118, in run
    return self._loop.run_until_complete(task)
           ^^^^^^^^^^^^^^^^^^^^^^^^^^^^^^^^^^^
  File "C:\Users\ashra\AppData\Local\Programs\Python\Python312\Lib\asyncio\base_events.py", line 691, in run_until_complete
    return future.result()
           ^^^^^^^^^^^^^^^
  File "C:\Users\ashra\AppData\Local\Programs\Python\Python312\Lib\site-packages\uvicorn\server.py", line 79, in serve
    await self.startup(sockets=sockets)
  File "C:\Users\ashra\AppData\Local\Programs\Python\Python312\Lib\site-packages\uvicorn\server.py", line 90, in startup
    await self.lifespan.startup()
  File "C:\Users\ashra\AppData\Local\Programs\Python\Python312\Lib\site-packages\uvicorn\lifespan\on.py", line 54, in startup
    await self.startup_event.wait()
  File "C:\Users\ashra\AppData\Local\Programs\Python\Python312\Lib\asyncio\locks.py", line 212, in wait
    await fut
asyncio.exceptions.CancelledError

During handling of the above exception, another exception occurred:

Traceback (most recent call last):
  File "C:\Users\ashra\AppData\Local\Programs\Python\Python312\Lib\asyncio\runners.py", line 195, in run
    return runner.run(main)
           ^^^^^^^^^^^^^^^^
  File "C:\Users\ashra\AppData\Local\Programs\Python\Python312\Lib\asyncio\runners.py", line 123, in run
    raise KeyboardInterrupt()
KeyboardInterrupt

During handling of the above exception, another exception occurred:

Traceback (most recent call last):
  File "C:\Users\ashra\AppData\Local\Programs\Python\Python312\Lib\site-packages\starlette\routing.py", line 734, in lifespan
    async with self.lifespan_context(app) as maybe_state:
               ^^^^^^^^^^^^^^^^^^^^^^^^^^
  File "C:\Users\ashra\AppData\Local\Programs\Python\Python312\Lib\contextlib.py", line 210, in __aenter__
    return await anext(self.gen)
           ^^^^^^^^^^^^^^^^^^^^^
  File "D:\gravity\agent toolbox\creator-agent-toolbox\backend\app\main.py", line 22, in lifespan
    await init_db()
  File "D:\gravity\agent toolbox\creator-agent-toolbox\backend\app\models\database.py", line 30, in init_db
    async with engine.begin() as conn:
               ^^^^^^^^^^^^^^
  File "C:\Users\ashra\AppData\Local\Programs\Python\Python312\Lib\contextlib.py", line 210, in __aenter__
    return await anext(self.gen)
           ^^^^^^^^^^^^^^^^^^^^^
  File "C:\Users\ashra\AppData\Local\Programs\Python\Python312\Lib\site-packages\sqlalchemy\ext\asyncio\engine.py", line 1068, in begin
    async with conn:
               ^^^^
  File "C:\Users\ashra\AppData\Local\Programs\Python\Python312\Lib\site-packages\sqlalchemy\ext\asyncio\base.py", line 121, in __aenter__
    return await self.start(is_ctxmanager=True)
           ^^^^^^^^^^^^^^^^^^^^^^^^^^^^^^^^^^^^
  File "C:\Users\ashra\AppData\Local\Programs\Python\Python312\Lib\site-packages\sqlalchemy\ext\asyncio\engine.py", line 275, in start
    await greenlet_spawn(self.sync_engine.connect)
  File "C:\Users\ashra\AppData\Local\Programs\Python\Python312\Lib\site-packages\sqlalchemy\util\_concurrency_py3k.py", line 201, in greenlet_spawn
    result = context.throw(*sys.exc_info())
             ^^^^^^^^^^^^^^^^^^^^^^^^^^^^^^
  File "C:\Users\ashra\AppData\Local\Programs\Python\Python312\Lib\site-packages\sqlalchemy\engine\base.py", line 3285, in connect
    return self._connection_cls(self)
           ^^^^^^^^^^^^^^^^^^^^^^^^^^
  File "C:\Users\ashra\AppData\Local\Programs\Python\Python312\Lib\site-packages\sqlalchemy\engine\base.py", line 143, in __init__
    self._dbapi_connection = engine.raw_connection()
                             ^^^^^^^^^^^^^^^^^^^^^^^
  File "C:\Users\ashra\AppData\Local\Programs\Python\Python312\Lib\site-packages\sqlalchemy\engine\base.py", line 3309, in raw_connection
    return self.pool.connect()
           ^^^^^^^^^^^^^^^^^^^
  File "C:\Users\ashra\AppData\Local\Programs\Python\Python312\Lib\site-packages\sqlalchemy\pool\base.py", line 447, in connect
    return _ConnectionFairy._checkout(self)
           ^^^^^^^^^^^^^^^^^^^^^^^^^^^^^^^^
  File "C:\Users\ashra\AppData\Local\Programs\Python\Python312\Lib\site-packages\sqlalchemy\pool\base.py", line 1264, in _checkout
    fairy = _ConnectionRecord.checkout(pool)
            ^^^^^^^^^^^^^^^^^^^^^^^^^^^^^^^^
  File "C:\Users\ashra\AppData\Local\Programs\Python\Python312\Lib\site-packages\sqlalchemy\pool\base.py", line 711, in checkout
    rec = pool._do_get()
          ^^^^^^^^^^^^^^
  File "C:\Users\ashra\AppData\Local\Programs\Python\Python312\Lib\site-packages\sqlalchemy\pool\impl.py", line 177, in _do_get
    with util.safe_reraise():
         ^^^^^^^^^^^^^^^^^^^
  File "C:\Users\ashra\AppData\Local\Programs\Python\Python312\Lib\site-packages\sqlalchemy\util\langhelpers.py", line 224, in __exit__
    raise exc_value.with_traceback(exc_tb)
  File "C:\Users\ashra\AppData\Local\Programs\Python\Python312\Lib\site-packages\sqlalchemy\pool\impl.py", line 175, in _do_get
    return self._create_connection()
           ^^^^^^^^^^^^^^^^^^^^^^^^^
  File "C:\Users\ashra\AppData\Local\Programs\Python\Python312\Lib\site-packages\sqlalchemy\pool\base.py", line 388, in _create_connection
    return _ConnectionRecord(self)
           ^^^^^^^^^^^^^^^^^^^^^^^
  File "C:\Users\ashra\AppData\Local\Programs\Python\Python312\Lib\site-packages\sqlalchemy\pool\base.py", line 673, in __init__
    self.__connect()
  File "C:\Users\ashra\AppData\Local\Programs\Python\Python312\Lib\site-packages\sqlalchemy\pool\base.py", line 899, in __connect
    with util.safe_reraise():
         ^^^^^^^^^^^^^^^^^^^
  File "C:\Users\ashra\AppData\Local\Programs\Python\Python312\Lib\site-packages\sqlalchemy\util\langhelpers.py", line 224, in __exit__
    raise exc_value.with_traceback(exc_tb)
  File "C:\Users\ashra\AppData\Local\Programs\Python\Python312\Lib\site-packages\sqlalchemy\pool\base.py", line 895, in __connect
    self.dbapi_connection = connection = pool._invoke_creator(self)
                                         ^^^^^^^^^^^^^^^^^^^^^^^^^^
  File "C:\Users\ashra\AppData\Local\Programs\Python\Python312\Lib\site-packages\sqlalchemy\engine\create.py", line 661, in connect
    return dialect.connect(*cargs, **cparams)
           ^^^^^^^^^^^^^^^^^^^^^^^^^^^^^^^^^^
  File "C:\Users\ashra\AppData\Local\Programs\Python\Python312\Lib\site-packages\sqlalchemy\engine\default.py", line 630, in connect
    return self.loaded_dbapi.connect(*cargs, **cparams)  # type: ignore[no-any-return]  # NOQA: E501
           ^^^^^^^^^^^^^^^^^^^^^^^^^^^^^^^^^^^^^^^^^^^^
  File "C:\Users\ashra\AppData\Local\Programs\Python\Python312\Lib\site-packages\sqlalchemy\dialects\sqlite\aiosqlite.py", line 421, in connect
    await_only(connection),
    ^^^^^^^^^^^^^^^^^^^^^^
  File "C:\Users\ashra\AppData\Local\Programs\Python\Python312\Lib\site-packages\sqlalchemy\util\_concurrency_py3k.py", line 132, in await_only
    return current.parent.switch(awaitable)  # type: ignore[no-any-return,attr-defined] # noqa: E501
           ^^^^^^^^^^^^^^^^^^^^^^^^^^^^^^^^
  File "C:\Users\ashra\AppData\Local\Programs\Python\Python312\Lib\site-packages\sqlalchemy\util\_concurrency_py3k.py", line 196, in greenlet_spawn
    value = await result
            ^^^^^^^^^^^^
  File "C:\Users\ashra\AppData\Local\Programs\Python\Python312\Lib\site-packages\aiosqlite\core.py", line 141, in _connect
    self._connection = await future
                       ^^^^^^^^^^^^
asyncio.exceptions.CancelledError

Process SpawnProcess-4:
Traceback (most recent call last):
  File "C:\Users\ashra\AppData\Local\Programs\Python\Python312\Lib\asyncio\runners.py", line 118, in run
    return self._loop.run_until_complete(task)
           ^^^^^^^^^^^^^^^^^^^^^^^^^^^^^^^^^^^
  File "C:\Users\ashra\AppData\Local\Programs\Python\Python312\Lib\asyncio\base_events.py", line 691, in run_until_complete
    return future.result()
           ^^^^^^^^^^^^^^^
  File "C:\Users\ashra\AppData\Local\Programs\Python\Python312\Lib\site-packages\uvicorn\server.py", line 79, in serve
    await self.startup(sockets=sockets)
  File "C:\Users\ashra\AppData\Local\Programs\Python\Python312\Lib\site-packages\uvicorn\server.py", line 90, in startup
    await self.lifespan.startup()
  File "C:\Users\ashra\AppData\Local\Programs\Python\Python312\Lib\site-packages\uvicorn\lifespan\on.py", line 54, in startup
    await self.startup_event.wait()
  File "C:\Users\ashra\AppData\Local\Programs\Python\Python312\Lib\asyncio\locks.py", line 212, in wait
    await fut
asyncio.exceptions.CancelledError

During handling of the above exception, another exception occurred:

Traceback (most recent call last):
  File "C:\Users\ashra\AppData\Local\Programs\Python\Python312\Lib\multiprocessing\process.py", line 314, in _bootstrap
    self.run()
  File "C:\Users\ashra\AppData\Local\Programs\Python\Python312\Lib\multiprocessing\process.py", line 108, in run
    self._target(*self._args, **self._kwargs)
  File "C:\Users\ashra\AppData\Local\Programs\Python\Python312\Lib\site-packages\uvicorn\_subprocess.py", line 78, in subprocess_started
    target(sockets=sockets)
  File "C:\Users\ashra\AppData\Local\Programs\Python\Python312\Lib\site-packages\uvicorn\server.py", line 62, in run
    return asyncio.run(self.serve(sockets=sockets))
           ^^^^^^^^^^^^^^^^^^^^^^^^^^^^^^^^^^^^^^^^
  File "C:\Users\ashra\AppData\Local\Programs\Python\Python312\Lib\asyncio\runners.py", line 195, in run
    return runner.run(main)
           ^^^^^^^^^^^^^^^^
  File "C:\Users\ashra\AppData\Local\Programs\Python\Python312\Lib\asyncio\runners.py", line 123, in run
    raise KeyboardInterrupt()
KeyboardInterrupt
INFO:     Started server process [51764]
INFO:     Waiting for application startup.
{"database_url": "sqlite+aiosqlite:///../data/app.db", "event": "startup", "level": "info", "timestamp": "2026-02-19T10:17:46.212267Z"}
executing <function connect.<locals>.connector at 0x000001A341027880>
operation <function connect.<locals>.connector at 0x000001A341027880> completed
executing functools.partial(<built-in method create_function of sqlite3.Connection object at 0x000001A3410687C0>, 'regexp', 2, <function SQLiteDialect_pysqlite.on_connect.<locals>.regexp at 0x000001A33FCA4860>, deterministic=True)
operation functools.partial(<built-in method create_function of sqlite3.Connection object at 0x000001A3410687C0>, 'regexp', 2, <function SQLiteDialect_pysqlite.on_connect.<locals>.regexp at 0x000001A33FCA4860>, deterministic=True) completed
executing functools.partial(<built-in method create_function of sqlite3.Connection object at 0x000001A3410687C0>, 'floor', 1, <built-in function floor>, deterministic=True)
operation functools.partial(<built-in method create_function of sqlite3.Connection object at 0x000001A3410687C0>, 'floor', 1, <built-in function floor>, deterministic=True) completed
executing functools.partial(<built-in method cursor of sqlite3.Connection object at 0x000001A3410687C0>)
operation functools.partial(<built-in method cursor of sqlite3.Connection object at 0x000001A3410687C0>) completed
executing functools.partial(<built-in method execute of sqlite3.Cursor object at 0x000001A34105CE40>, 'PRAGMA read_uncommitted', [])
operation functools.partial(<built-in method execute of sqlite3.Cursor object at 0x000001A34105CE40>, 'PRAGMA read_uncommitted', []) completed
executing functools.partial(<built-in method fetchall of sqlite3.Cursor object at 0x000001A34105CE40>)
operation functools.partial(<built-in method fetchall of sqlite3.Cursor object at 0x000001A34105CE40>) completed
executing functools.partial(<built-in method close of sqlite3.Cursor object at 0x000001A34105CE40>)
operation functools.partial(<built-in method close of sqlite3.Cursor object at 0x000001A34105CE40>) completed
executing functools.partial(<built-in method rollback of sqlite3.Connection object at 0x000001A3410687C0>)
operation functools.partial(<built-in method rollback of sqlite3.Connection object at 0x000001A3410687C0>) completed
executing functools.partial(<built-in method cursor of sqlite3.Connection object at 0x000001A3410687C0>)
operation functools.partial(<built-in method cursor of sqlite3.Connection object at 0x000001A3410687C0>) completed
executing functools.partial(<built-in method execute of sqlite3.Cursor object at 0x000001A34105CDC0>, 'PRAGMA main.table_info("workflows")', ())
operation functools.partial(<built-in method execute of sqlite3.Cursor object at 0x000001A34105CDC0>, 'PRAGMA main.table_info("workflows")', ()) completed
executing functools.partial(<built-in method fetchall of sqlite3.Cursor object at 0x000001A34105CDC0>)
operation functools.partial(<built-in method fetchall of sqlite3.Cursor object at 0x000001A34105CDC0>) completed
executing functools.partial(<built-in method close of sqlite3.Cursor object at 0x000001A34105CDC0>)
operation functools.partial(<built-in method close of sqlite3.Cursor object at 0x000001A34105CDC0>) completed
executing functools.partial(<built-in method commit of sqlite3.Connection object at 0x000001A3410687C0>)
operation functools.partial(<built-in method commit of sqlite3.Connection object at 0x000001A3410687C0>) completed
executing functools.partial(<built-in method rollback of sqlite3.Connection object at 0x000001A3410687C0>)
operation functools.partial(<built-in method rollback of sqlite3.Connection object at 0x000001A3410687C0>) completed
{"checkpoint": "../data/checkpoints.db", "event": "workflow_initialized", "level": "info", "timestamp": "2026-02-19T10:17:46.221301Z"}
INFO:     Application startup complete.
